Using pre-set license
Built from '2020.3/staging' branch; Version is '2020.3.3f1 (76626098c1c4) revision 7758432'; Using compiler version '192528614'; Build Type 'Release'
OS: 'Windows 10 Pro; OS build 19042.985; Version 2009; 64bit' Language: 'sk' Physical Memory: 16344 MB
BatchMode: 1, IsHumanControllingUs: 0, StartBugReporterOnCrash: 0, Is64bit: 1, IsPro: 0

 COMMAND LINE ARGUMENTS:
C:\Program Files\Unity\Hub\Editor\2020.3.3f1\Editor\Unity.exe
-adb2
-batchMode
-noUpm
-name
AssetImportWorker0
-projectPath
Z:/Používatelia/PC/Desktop/Riki/škola 2020-21/gamedev/Project C/ProjectC/Project C
-logFile
Logs/AssetImportWorker0.log
-srvPort
54244
Successfully changed project path to: Z:/Používatelia/PC/Desktop/Riki/škola 2020-21/gamedev/Project C/ProjectC/Project C
Z:/Používatelia/PC/Desktop/Riki/škola 2020-21/gamedev/Project C/ProjectC/Project C
Using Asset Import Pipeline V2.
Refreshing native plugins compatible for Editor in 47.68 ms, found 0 plugins.
Preloading 0 native plugins for Editor in 0.00 ms.
Initialize engine version: 2020.3.3f1 (76626098c1c4)
[Subsystems] Discovering subsystems at path C:/Program Files/Unity/Hub/Editor/2020.3.3f1/Editor/Data/Resources/UnitySubsystems
[Subsystems] Discovering subsystems at path Z:/Používatelia/PC/Desktop/Riki/škola 2020-21/gamedev/Project C/ProjectC/Project C/Assets
GfxDevice: creating device client; threaded=0
Direct3D:
    Version:  Direct3D 11.0 [level 11.1]
    Renderer: NVIDIA GeForce GTX 1060 6GB (ID=0x1c03)
    Vendor:   
    VRAM:     6052 MB
    Driver:   27.21.14.5671
Shader 'Universal Render Pipeline/Particles/Lit': fallback shader 'Universal Render Pipeline/Particles/SimpleLit' not found
Initialize mono
Mono path[0] = 'C:/Program Files/Unity/Hub/Editor/2020.3.3f1/Editor/Data/Managed'
Mono path[1] = 'C:/Program Files/Unity/Hub/Editor/2020.3.3f1/Editor/Data/MonoBleedingEdge/lib/mono/unityjit'
Mono config path = 'C:/Program Files/Unity/Hub/Editor/2020.3.3f1/Editor/Data/MonoBleedingEdge/etc'
Using monoOptions --debugger-agent=transport=dt_socket,embedding=1,server=y,suspend=n,address=127.0.0.1:56488
Begin MonoManager ReloadAssembly
Registering precompiled unity dll's ...
Register platform support module: C:/Program Files/Unity/Hub/Editor/2020.3.3f1/Editor/Data/PlaybackEngines/WindowsStandaloneSupport/UnityEditor.WindowsStandalone.Extensions.dll
Registered in 0.002482 seconds.
Native extension for WindowsStandalone target not found
Refreshing native plugins compatible for Editor in 43.27 ms, found 0 plugins.
Preloading 0 native plugins for Editor in 0.00 ms.
Invoked RoslynAnalysisRunner static constructor.
RoslynAnalysisRunner will not be running.
RoslynAnalysisRunner has terminated.
Mono: successfully reloaded assembly
- Completed reload, in  1.093 seconds
Platform modules already initialized, skipping
Registering precompiled user dll's ...
Registered in 0.001559 seconds.
Begin MonoManager ReloadAssembly
Native extension for WindowsStandalone target not found
Refreshing native plugins compatible for Editor in 45.11 ms, found 0 plugins.
Preloading 0 native plugins for Editor in 0.00 ms.
Invoked RoslynAnalysisRunner static constructor.
RoslynAnalysisRunner will not be running.
RoslynAnalysisRunner has terminated.
Mono: successfully reloaded assembly
- Completed reload, in  1.154 seconds
Platform modules already initialized, skipping
========================================================================
Worker process is ready to serve import requests
Shader 'Universal Render Pipeline/Particles/Lit': fallback shader 'Universal Render Pipeline/Particles/SimpleLit' not found
Launched and connected shader compiler UnityShaderCompiler.exe after 0.06 seconds
Refreshing native plugins compatible for Editor in 0.41 ms, found 0 plugins.
Preloading 0 native plugins for Editor in 0.00 ms.
Unloading 2450 Unused Serialized files (Serialized files now loaded: 0)
System memory in use before: 118.3 MB.
System memory in use after: 118.5 MB.

Unloading 10 unused Assets to reduce memory usage. Loaded Objects now: 2897.
Total: 2.689600 ms (FindLiveObjects: 0.246800 ms CreateObjectMapping: 0.116900 ms MarkObjects: 2.249300 ms  DeleteObjects: 0.075300 ms)

========================================================================
Received Import Request.
  path: Assets/Scripts/ZombieCombat.cs
  artifactKey: Guid(e97d021cf43ae2341b9afe3613ce3d6f) Importer(815301076,1909f56bfc062723c751e8b465ee728b)
Start importing Assets/Scripts/ZombieCombat.cs using Guid(e97d021cf43ae2341b9afe3613ce3d6f) Importer(815301076,1909f56bfc062723c751e8b465ee728b)  -> (artifact id: 'a24a6645e38b0d6d9d101cc32428cbd6') in 0.075363 seconds
  Import took 0.080377 seconds .

========================================================================
Received Prepare
Registering precompiled user dll's ...
Registered in 0.001306 seconds.
Begin MonoManager ReloadAssembly
Native extension for WindowsStandalone target not found
Refreshing native plugins compatible for Editor in 0.36 ms, found 0 plugins.
Preloading 0 native plugins for Editor in 0.00 ms.
Invoked RoslynAnalysisRunner static constructor.
RoslynAnalysisRunner will not be running.
RoslynAnalysisRunner has terminated.
Mono: successfully reloaded assembly
- Completed reload, in  0.858 seconds
Platform modules already initialized, skipping
Shader 'Universal Render Pipeline/Particles/Lit': fallback shader 'Universal Render Pipeline/Particles/SimpleLit' not found
Refreshing native plugins compatible for Editor in 0.38 ms, found 0 plugins.
Preloading 0 native plugins for Editor in 0.00 ms.
Unloading 2328 Unused Serialized files (Serialized files now loaded: 0)
System memory in use before: 110.0 MB.
System memory in use after: 110.2 MB.

Unloading 5 unused Assets to reduce memory usage. Loaded Objects now: 2900.
Total: 2.209200 ms (FindLiveObjects: 0.248600 ms CreateObjectMapping: 0.119900 ms MarkObjects: 1.823400 ms  DeleteObjects: 0.016200 ms)

========================================================================
Received Import Request.
  Time since last request: 376.094820 seconds.
  path: Assets/Prefabs/Zombie.prefab
  artifactKey: Guid(8130ae25438c1614195bba867410e10d) Importer(815301076,1909f56bfc062723c751e8b465ee728b)
Start importing Assets/Prefabs/Zombie.prefab using Guid(8130ae25438c1614195bba867410e10d) Importer(815301076,1909f56bfc062723c751e8b465ee728b)  -> (artifact id: 'a954550335de58fba42cc5a1bc283187') in 0.222895 seconds
  Import took 0.230662 seconds .

========================================================================
Received Prepare
Registering precompiled user dll's ...
Registered in 0.001315 seconds.
Begin MonoManager ReloadAssembly
Native extension for WindowsStandalone target not found
Refreshing native plugins compatible for Editor in 0.37 ms, found 0 plugins.
Preloading 0 native plugins for Editor in 0.00 ms.
Invoked RoslynAnalysisRunner static constructor.
RoslynAnalysisRunner will not be running.
RoslynAnalysisRunner has terminated.
Mono: successfully reloaded assembly
- Completed reload, in  0.917 seconds
Platform modules already initialized, skipping
Shader 'Universal Render Pipeline/Particles/Lit': fallback shader 'Universal Render Pipeline/Particles/SimpleLit' not found
Refreshing native plugins compatible for Editor in 0.39 ms, found 0 plugins.
Preloading 0 native plugins for Editor in 0.00 ms.
Unloading 2328 Unused Serialized files (Serialized files now loaded: 0)
System memory in use before: 115.3 MB.
System memory in use after: 115.6 MB.

Unloading 5 unused Assets to reduce memory usage. Loaded Objects now: 2949.
Total: 2.362100 ms (FindLiveObjects: 0.288700 ms CreateObjectMapping: 0.147000 ms MarkObjects: 1.897200 ms  DeleteObjects: 0.027800 ms)

========================================================================
Received Import Request.
  Time since last request: 50.458283 seconds.
  path: Assets/Prefabs/Zombie.prefab
  artifactKey: Guid(8130ae25438c1614195bba867410e10d) Importer(815301076,1909f56bfc062723c751e8b465ee728b)
Start importing Assets/Prefabs/Zombie.prefab using Guid(8130ae25438c1614195bba867410e10d) Importer(815301076,1909f56bfc062723c751e8b465ee728b)  -> (artifact id: 'e5e5b1fdd72602031fa74d38764b88e0') in 0.266473 seconds
  Import took 0.271776 seconds .

========================================================================
Received Prepare
Registering precompiled user dll's ...
Registered in 0.001720 seconds.
Begin MonoManager ReloadAssembly
Native extension for WindowsStandalone target not found
Refreshing native plugins compatible for Editor in 0.36 ms, found 0 plugins.
Preloading 0 native plugins for Editor in 0.00 ms.
Invoked RoslynAnalysisRunner static constructor.
RoslynAnalysisRunner will not be running.
RoslynAnalysisRunner has terminated.
Mono: successfully reloaded assembly
- Completed reload, in  0.900 seconds
Platform modules already initialized, skipping
Shader 'Universal Render Pipeline/Particles/Lit': fallback shader 'Universal Render Pipeline/Particles/SimpleLit' not found
Refreshing native plugins compatible for Editor in 0.39 ms, found 0 plugins.
Preloading 0 native plugins for Editor in 0.00 ms.
Unloading 2328 Unused Serialized files (Serialized files now loaded: 0)
System memory in use before: 115.5 MB.
System memory in use after: 115.7 MB.

Unloading 5 unused Assets to reduce memory usage. Loaded Objects now: 2988.
Total: 2.299900 ms (FindLiveObjects: 0.261000 ms CreateObjectMapping: 0.131600 ms MarkObjects: 1.883700 ms  DeleteObjects: 0.022400 ms)

========================================================================
Received Import Request.
  Time since last request: 416.852882 seconds.
  path: Assets/Scripts/SupplyCrate.cs
  artifactKey: Guid(5bd0dab0ab852444fae2ef572070ab4b) Importer(815301076,1909f56bfc062723c751e8b465ee728b)
Start importing Assets/Scripts/SupplyCrate.cs using Guid(5bd0dab0ab852444fae2ef572070ab4b) Importer(815301076,1909f56bfc062723c751e8b465ee728b)  -> (artifact id: '36bde754f6b425db6a54e7cb8d155e67') in 0.028102 seconds
  Import took 0.033880 seconds .

========================================================================
Received Import Request.
  Time since last request: 23.869100 seconds.
  path: Assets/Scripts/DataTransfer.cs
  artifactKey: Guid(368bfe6e4c9595f48b46efa1bf18eea9) Importer(815301076,1909f56bfc062723c751e8b465ee728b)
Start importing Assets/Scripts/DataTransfer.cs using Guid(368bfe6e4c9595f48b46efa1bf18eea9) Importer(815301076,1909f56bfc062723c751e8b465ee728b)  -> (artifact id: 'b1c90ecea9d5a2c96c7ab72c8b428c11') in 0.022058 seconds
  Import took 0.025561 seconds .

========================================================================
Received Import Request.
  Time since last request: 13.924753 seconds.
  path: Assets/Scripts/GameMaster.cs
  artifactKey: Guid(f9d47f7d9556dab4fb3eac9bd0a1f15f) Importer(815301076,1909f56bfc062723c751e8b465ee728b)
Start importing Assets/Scripts/GameMaster.cs using Guid(f9d47f7d9556dab4fb3eac9bd0a1f15f) Importer(815301076,1909f56bfc062723c751e8b465ee728b)  -> (artifact id: '2aa1d190ffad841c01c03a6631c9bbdd') in 0.013433 seconds
  Import took 0.017273 seconds .

========================================================================
Received Import Request.
  Time since last request: 8.879460 seconds.
  path: Assets/Scripts/Score.cs
  artifactKey: Guid(92ef9f4b23e8a004285225cad3872ec1) Importer(815301076,1909f56bfc062723c751e8b465ee728b)
Start importing Assets/Scripts/Score.cs using Guid(92ef9f4b23e8a004285225cad3872ec1) Importer(815301076,1909f56bfc062723c751e8b465ee728b)  -> (artifact id: 'ebd9db2c8c9dd61cbe50736cee4ea6e0') in 0.020035 seconds
  Import took 0.023736 seconds .

========================================================================
Received Prepare
Registering precompiled user dll's ...
Registered in 0.001406 seconds.
Begin MonoManager ReloadAssembly
Native extension for WindowsStandalone target not found
Refreshing native plugins compatible for Editor in 0.37 ms, found 0 plugins.
Preloading 0 native plugins for Editor in 0.00 ms.
Invoked RoslynAnalysisRunner static constructor.
RoslynAnalysisRunner will not be running.
RoslynAnalysisRunner has terminated.
Mono: successfully reloaded assembly
- Completed reload, in  0.943 seconds
Platform modules already initialized, skipping
Shader 'Universal Render Pipeline/Particles/Lit': fallback shader 'Universal Render Pipeline/Particles/SimpleLit' not found
Refreshing native plugins compatible for Editor in 0.38 ms, found 0 plugins.
Preloading 0 native plugins for Editor in 0.00 ms.
Unloading 2329 Unused Serialized files (Serialized files now loaded: 0)
System memory in use before: 115.5 MB.
System memory in use after: 115.8 MB.

Unloading 5 unused Assets to reduce memory usage. Loaded Objects now: 2992.
Total: 2.302800 ms (FindLiveObjects: 0.257000 ms CreateObjectMapping: 0.126400 ms MarkObjects: 1.898800 ms  DeleteObjects: 0.019300 ms)

========================================================================
Received Prepare
Registering precompiled user dll's ...
Registered in 0.001845 seconds.
Begin MonoManager ReloadAssembly
Native extension for WindowsStandalone target not found
Refreshing native plugins compatible for Editor in 0.42 ms, found 0 plugins.
Preloading 0 native plugins for Editor in 0.00 ms.
Invoked RoslynAnalysisRunner static constructor.
RoslynAnalysisRunner will not be running.
RoslynAnalysisRunner has terminated.
Mono: successfully reloaded assembly
- Completed reload, in  0.922 seconds
Platform modules already initialized, skipping
Shader 'Universal Render Pipeline/Particles/Lit': fallback shader 'Universal Render Pipeline/Particles/SimpleLit' not found
Refreshing native plugins compatible for Editor in 0.39 ms, found 0 plugins.
Preloading 0 native plugins for Editor in 0.00 ms.
Unloading 2329 Unused Serialized files (Serialized files now loaded: 0)
System memory in use before: 115.5 MB.
System memory in use after: 115.7 MB.

Unloading 5 unused Assets to reduce memory usage. Loaded Objects now: 2995.
Total: 2.157800 ms (FindLiveObjects: 0.292800 ms CreateObjectMapping: 0.129300 ms MarkObjects: 1.711700 ms  DeleteObjects: 0.022400 ms)

========================================================================
Received Import Request.
  Time since last request: 377.941567 seconds.
  path: Assets/Scripts/Notification.cs
  artifactKey: Guid(5ce738026aba7c34188c620cc78049a3) Importer(815301076,1909f56bfc062723c751e8b465ee728b)
Start importing Assets/Scripts/Notification.cs using Guid(5ce738026aba7c34188c620cc78049a3) Importer(815301076,1909f56bfc062723c751e8b465ee728b)  -> (artifact id: 'f81909f93281d99d8928530f6020a406') in 0.027564 seconds
  Import took 0.032737 seconds .

========================================================================
Received Prepare
Registering precompiled user dll's ...
Registered in 0.001822 seconds.
Begin MonoManager ReloadAssembly
Native extension for WindowsStandalone target not found
Refreshing native plugins compatible for Editor in 0.36 ms, found 0 plugins.
Preloading 0 native plugins for Editor in 0.00 ms.
Invoked RoslynAnalysisRunner static constructor.
RoslynAnalysisRunner will not be running.
RoslynAnalysisRunner has terminated.
Mono: successfully reloaded assembly
- Completed reload, in  1.017 seconds
Platform modules already initialized, skipping
Shader 'Universal Render Pipeline/Particles/Lit': fallback shader 'Universal Render Pipeline/Particles/SimpleLit' not found
Refreshing native plugins compatible for Editor in 0.37 ms, found 0 plugins.
Preloading 0 native plugins for Editor in 0.00 ms.
Unloading 2333 Unused Serialized files (Serialized files now loaded: 0)
System memory in use before: 115.7 MB.
System memory in use after: 115.9 MB.

Unloading 5 unused Assets to reduce memory usage. Loaded Objects now: 3002.
Total: 2.017100 ms (FindLiveObjects: 0.243500 ms CreateObjectMapping: 0.107500 ms MarkObjects: 1.646600 ms  DeleteObjects: 0.018300 ms)

========================================================================
Received Import Request.
  Time since last request: 169.241181 seconds.
  path: Assets/Prefabs/Notification.prefab
  artifactKey: Guid(74fafa554623fb94dbbc26dd8cd9eef1) Importer(815301076,1909f56bfc062723c751e8b465ee728b)
Start importing Assets/Prefabs/Notification.prefab using Guid(74fafa554623fb94dbbc26dd8cd9eef1) Importer(815301076,1909f56bfc062723c751e8b465ee728b)  -> (artifact id: '7023f4e86b775d4f24fc09e56d2e2a33') in 0.052982 seconds
  Import took 0.057127 seconds .

========================================================================
Received Import Request.
  Time since last request: 12.266156 seconds.
  path: Assets/Prefabs/Notification.prefab
  artifactKey: Guid(74fafa554623fb94dbbc26dd8cd9eef1) Importer(815301076,1909f56bfc062723c751e8b465ee728b)
Start importing Assets/Prefabs/Notification.prefab using Guid(74fafa554623fb94dbbc26dd8cd9eef1) Importer(815301076,1909f56bfc062723c751e8b465ee728b)  -> (artifact id: '1631edba42479d54e0d52f35331ffed0') in 0.052854 seconds
  Import took 0.056523 seconds .

========================================================================
Received Import Request.
  Time since last request: 7.213628 seconds.
  path: Assets/Prefabs/Notification.prefab
  artifactKey: Guid(74fafa554623fb94dbbc26dd8cd9eef1) Importer(815301076,1909f56bfc062723c751e8b465ee728b)
Start importing Assets/Prefabs/Notification.prefab using Guid(74fafa554623fb94dbbc26dd8cd9eef1) Importer(815301076,1909f56bfc062723c751e8b465ee728b)  -> (artifact id: '2ab060cbaca298b6bc9e52469041b3df') in 0.041480 seconds
  Import took 0.045685 seconds .

========================================================================
Received Import Request.
  Time since last request: 2.243786 seconds.
  path: Assets/Prefabs/Notification.prefab
  artifactKey: Guid(74fafa554623fb94dbbc26dd8cd9eef1) Importer(815301076,1909f56bfc062723c751e8b465ee728b)
Start importing Assets/Prefabs/Notification.prefab using Guid(74fafa554623fb94dbbc26dd8cd9eef1) Importer(815301076,1909f56bfc062723c751e8b465ee728b)  -> (artifact id: '1925b1c5191c72feabb5eea639d67746') in 0.038973 seconds
  Import took 0.043450 seconds .

========================================================================
Received Import Request.
  Time since last request: 1.169232 seconds.
  path: Assets/Prefabs/Notification.prefab
  artifactKey: Guid(74fafa554623fb94dbbc26dd8cd9eef1) Importer(815301076,1909f56bfc062723c751e8b465ee728b)
Start importing Assets/Prefabs/Notification.prefab using Guid(74fafa554623fb94dbbc26dd8cd9eef1) Importer(815301076,1909f56bfc062723c751e8b465ee728b)  -> (artifact id: '6905bcaedd75de9b30016102fdf4a9f1') in 0.029999 seconds
  Import took 0.033971 seconds .

========================================================================
Received Import Request.
  Time since last request: 25.928554 seconds.
  path: Assets/Prefabs/Notification.prefab
  artifactKey: Guid(74fafa554623fb94dbbc26dd8cd9eef1) Importer(815301076,1909f56bfc062723c751e8b465ee728b)
Start importing Assets/Prefabs/Notification.prefab using Guid(74fafa554623fb94dbbc26dd8cd9eef1) Importer(815301076,1909f56bfc062723c751e8b465ee728b)  -> (artifact id: '4ff3693a04f71befd4ca2379ec54228b') in 0.030416 seconds
  Import took 0.035920 seconds .

========================================================================
Received Import Request.
  Time since last request: 153.480834 seconds.
  path: ProjectSettings/TagManager.asset
  artifactKey: Guid(00000000000000003000000000000000) Importer(815301076,1909f56bfc062723c751e8b465ee728b)
Start importing ProjectSettings/TagManager.asset using Guid(00000000000000003000000000000000) Importer(815301076,1909f56bfc062723c751e8b465ee728b)  -> (artifact id: 'fc4bccf93694811c8f713aaf542daab0') in 0.021725 seconds
  Import took 0.025977 seconds .

========================================================================
Received Import Request.
  Time since last request: 22.153567 seconds.
  path: Assets/Prefabs/Player 2.prefab
  artifactKey: Guid(a607f27b7cf8de447afdb57a654ba78b) Importer(815301076,1909f56bfc062723c751e8b465ee728b)
Start importing Assets/Prefabs/Player 2.prefab using Guid(a607f27b7cf8de447afdb57a654ba78b) Importer(815301076,1909f56bfc062723c751e8b465ee728b)  -> (artifact id: '687c5104dcd3ce48de1260524051994a') in 0.315238 seconds
  Import took 0.320875 seconds .

========================================================================
Received Import Request.
  Time since last request: 6.101439 seconds.
  path: Assets/Prefabs/Player 1.prefab
  artifactKey: Guid(3a80b66c761b1724bba3133a1c6b7b3f) Importer(815301076,1909f56bfc062723c751e8b465ee728b)
Start importing Assets/Prefabs/Player 1.prefab using Guid(3a80b66c761b1724bba3133a1c6b7b3f) Importer(815301076,1909f56bfc062723c751e8b465ee728b)  -> (artifact id: '781510f35a4b605f5efa428c2780a57c') in 0.124125 seconds
  Import took 0.129112 seconds .

========================================================================
Received Import Request.
  Time since last request: 70.907591 seconds.
  path: Assets/Fonts/plasdrip SDF.asset
  artifactKey: Guid(9ec90429702f2b44ea90f8bfcd886594) Importer(815301076,1909f56bfc062723c751e8b465ee728b)
Start importing Assets/Fonts/plasdrip SDF.asset using Guid(9ec90429702f2b44ea90f8bfcd886594) Importer(815301076,1909f56bfc062723c751e8b465ee728b)  -> (artifact id: 'e03d3f77b8eb615a580a3e36a6359a6d') in 0.081569 seconds
  Import took 0.085655 seconds .

========================================================================
Received Import Request.
  Time since last request: 0.000163 seconds.
  path: Assets/Fonts/plasdrip.ttf
  artifactKey: Guid(f9c4d8997b2e3ed49a70fdedd435ca58) Importer(815301076,1909f56bfc062723c751e8b465ee728b)
Start importing Assets/Fonts/plasdrip.ttf using Guid(f9c4d8997b2e3ed49a70fdedd435ca58) Importer(815301076,1909f56bfc062723c751e8b465ee728b)  -> (artifact id: 'efcdfc8b8cd0e24dcaea795fe08e5971') in 0.046311 seconds
  Import took 0.050056 seconds .

========================================================================
Received Import Request.
  Time since last request: 0.000163 seconds.
  path: Assets/Fonts/plasdrpe.ttf
  artifactKey: Guid(dda69af7ff9fa7e42a258d009e95a3be) Importer(815301076,1909f56bfc062723c751e8b465ee728b)
Start importing Assets/Fonts/plasdrpe.ttf using Guid(dda69af7ff9fa7e42a258d009e95a3be) Importer(815301076,1909f56bfc062723c751e8b465ee728b)  -> (artifact id: 'fed596b74d71130b54e28c25fe3dc46e') in 0.025752 seconds
  Import took 0.029364 seconds .

========================================================================
Received Prepare
Registering precompiled user dll's ...
Registered in 0.001367 seconds.
Begin MonoManager ReloadAssembly
Native extension for WindowsStandalone target not found
Refreshing native plugins compatible for Editor in 0.36 ms, found 0 plugins.
Preloading 0 native plugins for Editor in 0.00 ms.
Invoked RoslynAnalysisRunner static constructor.
RoslynAnalysisRunner will not be running.
RoslynAnalysisRunner has terminated.
Mono: successfully reloaded assembly
- Completed reload, in  0.856 seconds
Platform modules already initialized, skipping
Shader 'Universal Render Pipeline/Particles/Lit': fallback shader 'Universal Render Pipeline/Particles/SimpleLit' not found
Refreshing native plugins compatible for Editor in 0.42 ms, found 0 plugins.
Preloading 0 native plugins for Editor in 0.00 ms.
Unloading 2333 Unused Serialized files (Serialized files now loaded: 0)
System memory in use before: 116.2 MB.
System memory in use after: 116.4 MB.

Unloading 6 unused Assets to reduce memory usage. Loaded Objects now: 3078.
Total: 2.590400 ms (FindLiveObjects: 0.266600 ms CreateObjectMapping: 0.128300 ms MarkObjects: 2.165000 ms  DeleteObjects: 0.028800 ms)

========================================================================
Received Prepare
Registering precompiled user dll's ...
Registered in 0.001795 seconds.
Begin MonoManager ReloadAssembly
Native extension for WindowsStandalone target not found
Refreshing native plugins compatible for Editor in 0.38 ms, found 0 plugins.
Preloading 0 native plugins for Editor in 0.00 ms.
Invoked RoslynAnalysisRunner static constructor.
RoslynAnalysisRunner will not be running.
RoslynAnalysisRunner has terminated.
Mono: successfully reloaded assembly
- Completed reload, in  0.915 seconds
Platform modules already initialized, skipping
Shader 'Universal Render Pipeline/Particles/Lit': fallback shader 'Universal Render Pipeline/Particles/SimpleLit' not found
Refreshing native plugins compatible for Editor in 0.38 ms, found 0 plugins.
Preloading 0 native plugins for Editor in 0.00 ms.
Unloading 2333 Unused Serialized files (Serialized files now loaded: 0)
System memory in use before: 116.2 MB.
System memory in use after: 116.4 MB.

Unloading 5 unused Assets to reduce memory usage. Loaded Objects now: 3081.
Total: 2.527400 ms (FindLiveObjects: 0.465900 ms CreateObjectMapping: 0.168000 ms MarkObjects: 1.871500 ms  DeleteObjects: 0.020300 ms)

========================================================================
Received Prepare
Registering precompiled user dll's ...
Registered in 0.001371 seconds.
Begin MonoManager ReloadAssembly
Native extension for WindowsStandalone target not found
Refreshing native plugins compatible for Editor in 1.01 ms, found 0 plugins.
Preloading 0 native plugins for Editor in 0.00 ms.
Invoked RoslynAnalysisRunner static constructor.
RoslynAnalysisRunner will not be running.
RoslynAnalysisRunner has terminated.
Mono: successfully reloaded assembly
- Completed reload, in  1.551 seconds
Platform modules already initialized, skipping
Shader 'Universal Render Pipeline/Particles/Lit': fallback shader 'Universal Render Pipeline/Particles/SimpleLit' not found
Refreshing native plugins compatible for Editor in 0.41 ms, found 0 plugins.
Preloading 0 native plugins for Editor in 0.00 ms.
Unloading 2333 Unused Serialized files (Serialized files now loaded: 0)
System memory in use before: 116.2 MB.
System memory in use after: 116.4 MB.

Unloading 5 unused Assets to reduce memory usage. Loaded Objects now: 3084.
Total: 3.476200 ms (FindLiveObjects: 0.316100 ms CreateObjectMapping: 0.443100 ms MarkObjects: 2.618800 ms  DeleteObjects: 0.096700 ms)

========================================================================
Received Import Request.
  Time since last request: 430.046667 seconds.
  path: Assets/Prefabs/Player 1.prefab
  artifactKey: Guid(3a80b66c761b1724bba3133a1c6b7b3f) Importer(815301076,1909f56bfc062723c751e8b465ee728b)
Start importing Assets/Prefabs/Player 1.prefab using Guid(3a80b66c761b1724bba3133a1c6b7b3f) Importer(815301076,1909f56bfc062723c751e8b465ee728b)  -> (artifact id: '2ef86737ae96e89daf02c5c3d06f9c85') in 0.843182 seconds
  Import took 0.853458 seconds .

========================================================================
Received Import Request.
  Time since last request: 0.000114 seconds.
  path: Assets/Prefabs/Player 2.prefab
  artifactKey: Guid(a607f27b7cf8de447afdb57a654ba78b) Importer(815301076,1909f56bfc062723c751e8b465ee728b)
Start importing Assets/Prefabs/Player 2.prefab using Guid(a607f27b7cf8de447afdb57a654ba78b) Importer(815301076,1909f56bfc062723c751e8b465ee728b)  -> (artifact id: '2fe6a561d00459c75e27960754213319') in 0.114520 seconds
  Import took 0.131722 seconds .

========================================================================
Received Prepare
Registering precompiled user dll's ...
Registered in 0.001637 seconds.
Begin MonoManager ReloadAssembly
Native extension for WindowsStandalone target not found
Refreshing native plugins compatible for Editor in 0.36 ms, found 0 plugins.
Preloading 0 native plugins for Editor in 0.00 ms.
Invoked RoslynAnalysisRunner static constructor.
RoslynAnalysisRunner will not be running.
RoslynAnalysisRunner has terminated.
Mono: successfully reloaded assembly
- Completed reload, in  0.886 seconds
Platform modules already initialized, skipping
Shader 'Universal Render Pipeline/Particles/Lit': fallback shader 'Universal Render Pipeline/Particles/SimpleLit' not found
Refreshing native plugins compatible for Editor in 0.41 ms, found 0 plugins.
Preloading 0 native plugins for Editor in 0.00 ms.
Unloading 2333 Unused Serialized files (Serialized files now loaded: 0)
System memory in use before: 116.2 MB.
System memory in use after: 116.5 MB.

Unloading 5 unused Assets to reduce memory usage. Loaded Objects now: 3123.
Total: 2.380700 ms (FindLiveObjects: 0.251900 ms CreateObjectMapping: 0.119400 ms MarkObjects: 1.990200 ms  DeleteObjects: 0.017700 ms)

========================================================================
Received Import Request.
  Time since last request: 57.562002 seconds.
  path: Assets/Prefabs/Notification.prefab
  artifactKey: Guid(74fafa554623fb94dbbc26dd8cd9eef1) Importer(815301076,1909f56bfc062723c751e8b465ee728b)
Start importing Assets/Prefabs/Notification.prefab using Guid(74fafa554623fb94dbbc26dd8cd9eef1) Importer(815301076,1909f56bfc062723c751e8b465ee728b)  -> (artifact id: '450a82ed5b09c144b7216b82857e9dca') in 0.085348 seconds
  Import took 0.090255 seconds .

========================================================================
Received Import Request.
  Time since last request: 2.137595 seconds.
  path: Assets/Prefabs/Notification.prefab
  artifactKey: Guid(74fafa554623fb94dbbc26dd8cd9eef1) Importer(815301076,1909f56bfc062723c751e8b465ee728b)
Start importing Assets/Prefabs/Notification.prefab using Guid(74fafa554623fb94dbbc26dd8cd9eef1) Importer(815301076,1909f56bfc062723c751e8b465ee728b)  -> (artifact id: '565335f942d372d40b5ddc378eca5cca') in 0.029815 seconds
  Import took 0.033807 seconds .

========================================================================
Received Import Request.
  Time since last request: 57.305842 seconds.
  path: Assets/Prefabs/Player 1.prefab
  artifactKey: Guid(3a80b66c761b1724bba3133a1c6b7b3f) Importer(815301076,1909f56bfc062723c751e8b465ee728b)
Start importing Assets/Prefabs/Player 1.prefab using Guid(3a80b66c761b1724bba3133a1c6b7b3f) Importer(815301076,1909f56bfc062723c751e8b465ee728b)  -> (artifact id: '8f6e20457c166b210dbdcdd9b5915fb8') in 0.267354 seconds
  Import took 0.273348 seconds .

========================================================================
Received Import Request.
  Time since last request: 3.127930 seconds.
  path: Assets/Prefabs/Player 2.prefab
  artifactKey: Guid(a607f27b7cf8de447afdb57a654ba78b) Importer(815301076,1909f56bfc062723c751e8b465ee728b)
Start importing Assets/Prefabs/Player 2.prefab using Guid(a607f27b7cf8de447afdb57a654ba78b) Importer(815301076,1909f56bfc062723c751e8b465ee728b)  -> (artifact id: 'ca804eb0cdbe961e8843456812a8b18f') in 0.043836 seconds
  Import took 0.048753 seconds .

========================================================================
Received Prepare
Registering precompiled user dll's ...
Registered in 0.001498 seconds.
Begin MonoManager ReloadAssembly
Native extension for WindowsStandalone target not found
Refreshing native plugins compatible for Editor in 0.38 ms, found 0 plugins.
Preloading 0 native plugins for Editor in 0.00 ms.
Invoked RoslynAnalysisRunner static constructor.
RoslynAnalysisRunner will not be running.
RoslynAnalysisRunner has terminated.
Mono: successfully reloaded assembly
- Completed reload, in  0.907 seconds
Platform modules already initialized, skipping
Shader 'Universal Render Pipeline/Particles/Lit': fallback shader 'Universal Render Pipeline/Particles/SimpleLit' not found
Refreshing native plugins compatible for Editor in 0.46 ms, found 0 plugins.
Preloading 0 native plugins for Editor in 0.00 ms.
Unloading 2333 Unused Serialized files (Serialized files now loaded: 0)
System memory in use before: 116.5 MB.
System memory in use after: 116.7 MB.

Unloading 5 unused Assets to reduce memory usage. Loaded Objects now: 3162.
Total: 2.549600 ms (FindLiveObjects: 0.302500 ms CreateObjectMapping: 0.158000 ms MarkObjects: 2.065900 ms  DeleteObjects: 0.021400 ms)

========================================================================
Received Prepare
Registering precompiled user dll's ...
Registered in 0.001289 seconds.
Begin MonoManager ReloadAssembly
Native extension for WindowsStandalone target not found
Refreshing native plugins compatible for Editor in 0.40 ms, found 0 plugins.
Preloading 0 native plugins for Editor in 0.00 ms.
Invoked RoslynAnalysisRunner static constructor.
RoslynAnalysisRunner will not be running.
RoslynAnalysisRunner has terminated.
Mono: successfully reloaded assembly
- Completed reload, in  0.916 seconds
Platform modules already initialized, skipping
Shader 'Universal Render Pipeline/Particles/Lit': fallback shader 'Universal Render Pipeline/Particles/SimpleLit' not found
Refreshing native plugins compatible for Editor in 0.39 ms, found 0 plugins.
Preloading 0 native plugins for Editor in 0.00 ms.
Unloading 2333 Unused Serialized files (Serialized files now loaded: 0)
System memory in use before: 116.5 MB.
System memory in use after: 116.7 MB.

Unloading 5 unused Assets to reduce memory usage. Loaded Objects now: 3165.
Total: 2.389400 ms (FindLiveObjects: 0.318000 ms CreateObjectMapping: 0.142300 ms MarkObjects: 1.908100 ms  DeleteObjects: 0.019800 ms)

========================================================================
Received Import Request.
  Time since last request: 182.612260 seconds.
  path: Assets/Prefabs/Supply Crate.prefab
  artifactKey: Guid(41c02ae7ebc822c46ad350ffc22714bb) Importer(815301076,1909f56bfc062723c751e8b465ee728b)
Start importing Assets/Prefabs/Supply Crate.prefab using Guid(41c02ae7ebc822c46ad350ffc22714bb) Importer(815301076,1909f56bfc062723c751e8b465ee728b)  -> (artifact id: 'e3557de3783d215731755a3fa88d3ad2') in 0.215434 seconds
  Import took 0.220806 seconds .

========================================================================
Received Import Request.
  Time since last request: 75.097181 seconds.
  path: Assets/Prefabs/Supply Crate.prefab
  artifactKey: Guid(41c02ae7ebc822c46ad350ffc22714bb) Importer(815301076,1909f56bfc062723c751e8b465ee728b)
Start importing Assets/Prefabs/Supply Crate.prefab using Guid(41c02ae7ebc822c46ad350ffc22714bb) Importer(815301076,1909f56bfc062723c751e8b465ee728b)  -> (artifact id: 'f3d1fe1ff5097948ba4e0f3ec2dbbfc8') in 0.094048 seconds
  Import took 0.099162 seconds .

========================================================================
Received Import Request.
  Time since last request: 5.260870 seconds.
  path: Assets/Prefabs/Zombie.prefab
  artifactKey: Guid(8130ae25438c1614195bba867410e10d) Importer(815301076,1909f56bfc062723c751e8b465ee728b)
Start importing Assets/Prefabs/Zombie.prefab using Guid(8130ae25438c1614195bba867410e10d) Importer(815301076,1909f56bfc062723c751e8b465ee728b)  -> (artifact id: '19d65a29e3a42d7edc098ddafb135605') in 0.104207 seconds
  Import took 0.113184 seconds .

========================================================================
Received Import Request.
  Time since last request: 0.003676 seconds.
  path: Assets/Prefabs/Zombie.prefab
  artifactKey: Guid(8130ae25438c1614195bba867410e10d) Importer(815301076,1909f56bfc062723c751e8b465ee728b)
Start importing Assets/Prefabs/Zombie.prefab using Guid(8130ae25438c1614195bba867410e10d) Importer(815301076,1909f56bfc062723c751e8b465ee728b)  -> (artifact id: '19d65a29e3a42d7edc098ddafb135605') in 0.090848 seconds
  Import took 0.101714 seconds .

========================================================================
Received Prepare
Registering precompiled user dll's ...
Registered in 0.001408 seconds.
Begin MonoManager ReloadAssembly
Native extension for WindowsStandalone target not found
Refreshing native plugins compatible for Editor in 0.36 ms, found 0 plugins.
Preloading 0 native plugins for Editor in 0.00 ms.
Invoked RoslynAnalysisRunner static constructor.
RoslynAnalysisRunner will not be running.
RoslynAnalysisRunner has terminated.
Mono: successfully reloaded assembly
- Completed reload, in  0.962 seconds
Platform modules already initialized, skipping
Shader 'Universal Render Pipeline/Particles/Lit': fallback shader 'Universal Render Pipeline/Particles/SimpleLit' not found
Refreshing native plugins compatible for Editor in 0.38 ms, found 0 plugins.
Preloading 0 native plugins for Editor in 0.00 ms.
Unloading 2333 Unused Serialized files (Serialized files now loaded: 0)
System memory in use before: 116.6 MB.
System memory in use after: 116.8 MB.

Unloading 5 unused Assets to reduce memory usage. Loaded Objects now: 3205.
Total: 2.145200 ms (FindLiveObjects: 0.255100 ms CreateObjectMapping: 0.111200 ms MarkObjects: 1.760900 ms  DeleteObjects: 0.017200 ms)

========================================================================
Received Prepare
Registering precompiled user dll's ...
Registered in 0.001272 seconds.
Begin MonoManager ReloadAssembly
Native extension for WindowsStandalone target not found
Refreshing native plugins compatible for Editor in 0.36 ms, found 0 plugins.
Preloading 0 native plugins for Editor in 0.00 ms.
Invoked RoslynAnalysisRunner static constructor.
RoslynAnalysisRunner will not be running.
RoslynAnalysisRunner has terminated.
Mono: successfully reloaded assembly
- Completed reload, in  0.924 seconds
Platform modules already initialized, skipping
Shader 'Universal Render Pipeline/Particles/Lit': fallback shader 'Universal Render Pipeline/Particles/SimpleLit' not found
Refreshing native plugins compatible for Editor in 0.39 ms, found 0 plugins.
Preloading 0 native plugins for Editor in 0.00 ms.
Unloading 2333 Unused Serialized files (Serialized files now loaded: 0)
System memory in use before: 116.6 MB.
System memory in use after: 116.8 MB.

Unloading 5 unused Assets to reduce memory usage. Loaded Objects now: 3208.
Total: 2.243900 ms (FindLiveObjects: 0.279600 ms CreateObjectMapping: 0.118400 ms MarkObjects: 1.825800 ms  DeleteObjects: 0.018700 ms)

========================================================================
Received Prepare
Registering precompiled user dll's ...
Registered in 0.001394 seconds.
Begin MonoManager ReloadAssembly
Native extension for WindowsStandalone target not found
Refreshing native plugins compatible for Editor in 0.36 ms, found 0 plugins.
Preloading 0 native plugins for Editor in 0.00 ms.
Invoked RoslynAnalysisRunner static constructor.
RoslynAnalysisRunner will not be running.
RoslynAnalysisRunner has terminated.
Mono: successfully reloaded assembly
- Completed reload, in  0.938 seconds
Platform modules already initialized, skipping
Shader 'Universal Render Pipeline/Particles/Lit': fallback shader 'Universal Render Pipeline/Particles/SimpleLit' not found
Refreshing native plugins compatible for Editor in 0.38 ms, found 0 plugins.
Preloading 0 native plugins for Editor in 0.00 ms.
Unloading 2333 Unused Serialized files (Serialized files now loaded: 0)
System memory in use before: 116.5 MB.
System memory in use after: 116.7 MB.

Unloading 5 unused Assets to reduce memory usage. Loaded Objects now: 3211.
Total: 2.619800 ms (FindLiveObjects: 0.309300 ms CreateObjectMapping: 0.142700 ms MarkObjects: 2.147600 ms  DeleteObjects: 0.018400 ms)

========================================================================
Received Import Request.
  Time since last request: 330.527859 seconds.
  path: Assets/Prefabs/Player 1.prefab
  artifactKey: Guid(3a80b66c761b1724bba3133a1c6b7b3f) Importer(815301076,1909f56bfc062723c751e8b465ee728b)
Start importing Assets/Prefabs/Player 1.prefab using Guid(3a80b66c761b1724bba3133a1c6b7b3f) Importer(815301076,1909f56bfc062723c751e8b465ee728b)  -> (artifact id: 'bd03141bdd48133d454c6cf93bb146c1') in 0.477225 seconds
  Import took 0.484865 seconds .

========================================================================
Received Import Request.
  Time since last request: 1.509203 seconds.
  path: Assets/Prefabs/Player 1.prefab
  artifactKey: Guid(3a80b66c761b1724bba3133a1c6b7b3f) Importer(815301076,1909f56bfc062723c751e8b465ee728b)
Start importing Assets/Prefabs/Player 1.prefab using Guid(3a80b66c761b1724bba3133a1c6b7b3f) Importer(815301076,1909f56bfc062723c751e8b465ee728b)  -> (artifact id: '52e359611753859229fcb4fc73643007') in 0.040212 seconds
  Import took 0.045359 seconds .

========================================================================
Received Import Request.
  Time since last request: 2.010436 seconds.
  path: Assets/Prefabs/Player 1.prefab
  artifactKey: Guid(3a80b66c761b1724bba3133a1c6b7b3f) Importer(815301076,1909f56bfc062723c751e8b465ee728b)
Start importing Assets/Prefabs/Player 1.prefab using Guid(3a80b66c761b1724bba3133a1c6b7b3f) Importer(815301076,1909f56bfc062723c751e8b465ee728b)  -> (artifact id: '807a230968b0c88e345a9df295ba4961') in 0.052097 seconds
  Import took 0.060012 seconds .

========================================================================
Received Import Request.
  Time since last request: 4.380724 seconds.
  path: Assets/Prefabs/Player 1.prefab
  artifactKey: Guid(3a80b66c761b1724bba3133a1c6b7b3f) Importer(815301076,1909f56bfc062723c751e8b465ee728b)
Start importing Assets/Prefabs/Player 1.prefab using Guid(3a80b66c761b1724bba3133a1c6b7b3f) Importer(815301076,1909f56bfc062723c751e8b465ee728b)  -> (artifact id: '7951d13ec79c9ac0ada753137f90a077') in 0.041111 seconds
  Import took 0.046257 seconds .

========================================================================
Received Import Request.
  Time since last request: 2.159857 seconds.
  path: Assets/Prefabs/Player 1.prefab
  artifactKey: Guid(3a80b66c761b1724bba3133a1c6b7b3f) Importer(815301076,1909f56bfc062723c751e8b465ee728b)
Start importing Assets/Prefabs/Player 1.prefab using Guid(3a80b66c761b1724bba3133a1c6b7b3f) Importer(815301076,1909f56bfc062723c751e8b465ee728b)  -> (artifact id: 'e26a55187466b7dcae1e1f85256577c3') in 0.035157 seconds
  Import took 0.040686 seconds .

========================================================================
Received Import Request.
  Time since last request: 2.630232 seconds.
  path: Assets/Prefabs/Player 1.prefab
  artifactKey: Guid(3a80b66c761b1724bba3133a1c6b7b3f) Importer(815301076,1909f56bfc062723c751e8b465ee728b)
Start importing Assets/Prefabs/Player 1.prefab using Guid(3a80b66c761b1724bba3133a1c6b7b3f) Importer(815301076,1909f56bfc062723c751e8b465ee728b)  -> (artifact id: '016cd79aea8ece397e663bf531824e25') in 0.036716 seconds
  Import took 0.043560 seconds .

========================================================================
Received Import Request.
  Time since last request: 8.901583 seconds.
  path: Assets/Prefabs/Player 2.prefab
  artifactKey: Guid(a607f27b7cf8de447afdb57a654ba78b) Importer(815301076,1909f56bfc062723c751e8b465ee728b)
Start importing Assets/Prefabs/Player 2.prefab using Guid(a607f27b7cf8de447afdb57a654ba78b) Importer(815301076,1909f56bfc062723c751e8b465ee728b)  -> (artifact id: 'cc9df411a2ec4640bbea7261af0263a8') in 0.042576 seconds
  Import took 0.048389 seconds .

========================================================================
Received Import Request.
  Time since last request: 1.934498 seconds.
  path: Assets/Prefabs/Player 2.prefab
  artifactKey: Guid(a607f27b7cf8de447afdb57a654ba78b) Importer(815301076,1909f56bfc062723c751e8b465ee728b)
Start importing Assets/Prefabs/Player 2.prefab using Guid(a607f27b7cf8de447afdb57a654ba78b) Importer(815301076,1909f56bfc062723c751e8b465ee728b)  -> (artifact id: '89d26c886670f376b4e7fdded3795828') in 0.039204 seconds
  Import took 0.045876 seconds .

========================================================================
Received Import Request.
  Time since last request: 2.814590 seconds.
  path: Assets/Prefabs/Player 2.prefab
  artifactKey: Guid(a607f27b7cf8de447afdb57a654ba78b) Importer(815301076,1909f56bfc062723c751e8b465ee728b)
Start importing Assets/Prefabs/Player 2.prefab using Guid(a607f27b7cf8de447afdb57a654ba78b) Importer(815301076,1909f56bfc062723c751e8b465ee728b)  -> (artifact id: '3c5e188b649c4187275c1367866565ec') in 0.047965 seconds
  Import took 0.053368 seconds .

========================================================================
Received Import Request.
  Time since last request: 1.938632 seconds.
  path: Assets/Prefabs/Player 2.prefab
  artifactKey: Guid(a607f27b7cf8de447afdb57a654ba78b) Importer(815301076,1909f56bfc062723c751e8b465ee728b)
Start importing Assets/Prefabs/Player 2.prefab using Guid(a607f27b7cf8de447afdb57a654ba78b) Importer(815301076,1909f56bfc062723c751e8b465ee728b)  -> (artifact id: 'c1273cb3da1d0b04724acb8eef2f5fcb') in 0.038114 seconds
  Import took 0.043196 seconds .

========================================================================
Received Import Request.
  Time since last request: 2.197900 seconds.
  path: Assets/Prefabs/Player 2.prefab
  artifactKey: Guid(a607f27b7cf8de447afdb57a654ba78b) Importer(815301076,1909f56bfc062723c751e8b465ee728b)
Start importing Assets/Prefabs/Player 2.prefab using Guid(a607f27b7cf8de447afdb57a654ba78b) Importer(815301076,1909f56bfc062723c751e8b465ee728b)  -> (artifact id: '2c50580f44279c8e4b4d731c7870803d') in 0.038914 seconds
  Import took 0.046782 seconds .

========================================================================
Received Import Request.
  Time since last request: 2.138022 seconds.
  path: Assets/Prefabs/Player 2.prefab
  artifactKey: Guid(a607f27b7cf8de447afdb57a654ba78b) Importer(815301076,1909f56bfc062723c751e8b465ee728b)
Start importing Assets/Prefabs/Player 2.prefab using Guid(a607f27b7cf8de447afdb57a654ba78b) Importer(815301076,1909f56bfc062723c751e8b465ee728b)  -> (artifact id: '174ce7390c9d61c12496bbf4b2665a22') in 0.045941 seconds
  Import took 0.051354 seconds .

========================================================================
Received Prepare
Registering precompiled user dll's ...
Registered in 0.001324 seconds.
Begin MonoManager ReloadAssembly
Native extension for WindowsStandalone target not found
Refreshing native plugins compatible for Editor in 0.37 ms, found 0 plugins.
Preloading 0 native plugins for Editor in 0.00 ms.
Invoked RoslynAnalysisRunner static constructor.
RoslynAnalysisRunner will not be running.
RoslynAnalysisRunner has terminated.
Mono: successfully reloaded assembly
- Completed reload, in  0.926 seconds
Platform modules already initialized, skipping
Shader 'Universal Render Pipeline/Particles/Lit': fallback shader 'Universal Render Pipeline/Particles/SimpleLit' not found
Refreshing native plugins compatible for Editor in 0.43 ms, found 0 plugins.
Preloading 0 native plugins for Editor in 0.00 ms.
Unloading 2333 Unused Serialized files (Serialized files now loaded: 0)
System memory in use before: 116.9 MB.
System memory in use after: 117.1 MB.

Unloading 5 unused Assets to reduce memory usage. Loaded Objects now: 3250.
Total: 2.551800 ms (FindLiveObjects: 0.304200 ms CreateObjectMapping: 0.136700 ms MarkObjects: 2.090700 ms  DeleteObjects: 0.018900 ms)

AssetImportWorkerClient::OnTransportError - code=2 error=End of file
