Using pre-set license
Built from '2020.3/staging' branch; Version is '2020.3.3f1 (76626098c1c4) revision 7758432'; Using compiler version '192528614'; Build Type 'Release'
OS: 'Windows 10 Pro; OS build 19042.985; Version 2009; 64bit' Language: 'sk' Physical Memory: 16344 MB
BatchMode: 1, IsHumanControllingUs: 0, StartBugReporterOnCrash: 0, Is64bit: 1, IsPro: 0

 COMMAND LINE ARGUMENTS:
C:\Program Files\Unity\Hub\Editor\2020.3.3f1\Editor\Unity.exe
-adb2
-batchMode
-noUpm
-name
AssetImportWorker0
-projectPath
Z:/Používatelia/PC/Desktop/Riki/škola 2020-21/gamedev/Project C/ProjectC/Project C
-logFile
Logs/AssetImportWorker0.log
-srvPort
61786
Successfully changed project path to: Z:/Používatelia/PC/Desktop/Riki/škola 2020-21/gamedev/Project C/ProjectC/Project C
Z:/Používatelia/PC/Desktop/Riki/škola 2020-21/gamedev/Project C/ProjectC/Project C
Using Asset Import Pipeline V2.
Refreshing native plugins compatible for Editor in 78.36 ms, found 0 plugins.
Preloading 0 native plugins for Editor in 0.00 ms.
Initialize engine version: 2020.3.3f1 (76626098c1c4)
[Subsystems] Discovering subsystems at path C:/Program Files/Unity/Hub/Editor/2020.3.3f1/Editor/Data/Resources/UnitySubsystems
[Subsystems] Discovering subsystems at path Z:/Používatelia/PC/Desktop/Riki/škola 2020-21/gamedev/Project C/ProjectC/Project C/Assets
GfxDevice: creating device client; threaded=0
Direct3D:
    Version:  Direct3D 11.0 [level 11.1]
    Renderer: NVIDIA GeForce GTX 1060 6GB (ID=0x1c03)
    Vendor:   
    VRAM:     6052 MB
    Driver:   27.21.14.5671
Shader 'Universal Render Pipeline/Particles/Lit': fallback shader 'Universal Render Pipeline/Particles/SimpleLit' not found
Initialize mono
Mono path[0] = 'C:/Program Files/Unity/Hub/Editor/2020.3.3f1/Editor/Data/Managed'
Mono path[1] = 'C:/Program Files/Unity/Hub/Editor/2020.3.3f1/Editor/Data/MonoBleedingEdge/lib/mono/unityjit'
Mono config path = 'C:/Program Files/Unity/Hub/Editor/2020.3.3f1/Editor/Data/MonoBleedingEdge/etc'
Using monoOptions --debugger-agent=transport=dt_socket,embedding=1,server=y,suspend=n,address=127.0.0.1:56288
Begin MonoManager ReloadAssembly
Registering precompiled unity dll's ...
Register platform support module: C:/Program Files/Unity/Hub/Editor/2020.3.3f1/Editor/Data/PlaybackEngines/WindowsStandaloneSupport/UnityEditor.WindowsStandalone.Extensions.dll
Registered in 0.003279 seconds.
Native extension for WindowsStandalone target not found
Refreshing native plugins compatible for Editor in 86.92 ms, found 0 plugins.
Preloading 0 native plugins for Editor in 0.00 ms.
Invoked RoslynAnalysisRunner static constructor.
RoslynAnalysisRunner will not be running.
RoslynAnalysisRunner has terminated.
Mono: successfully reloaded assembly
- Completed reload, in  2.158 seconds
Platform modules already initialized, skipping
Registering precompiled user dll's ...
Registered in 0.002358 seconds.
Begin MonoManager ReloadAssembly
Native extension for WindowsStandalone target not found
Refreshing native plugins compatible for Editor in 53.23 ms, found 0 plugins.
Preloading 0 native plugins for Editor in 0.00 ms.
Invoked RoslynAnalysisRunner static constructor.
RoslynAnalysisRunner will not be running.
RoslynAnalysisRunner has terminated.
Mono: successfully reloaded assembly
- Completed reload, in  0.990 seconds
Platform modules already initialized, skipping
========================================================================
Worker process is ready to serve import requests
Shader 'Universal Render Pipeline/Particles/Lit': fallback shader 'Universal Render Pipeline/Particles/SimpleLit' not found
Launched and connected shader compiler UnityShaderCompiler.exe after 0.04 seconds
Refreshing native plugins compatible for Editor in 0.41 ms, found 0 plugins.
Preloading 0 native plugins for Editor in 0.00 ms.
Unloading 2456 Unused Serialized files (Serialized files now loaded: 0)
System memory in use before: 118.5 MB.
System memory in use after: 118.7 MB.

Unloading 10 unused Assets to reduce memory usage. Loaded Objects now: 2903.
Total: 2.194300 ms (FindLiveObjects: 0.242600 ms CreateObjectMapping: 0.119700 ms MarkObjects: 1.749700 ms  DeleteObjects: 0.081200 ms)

========================================================================
Received Prepare
Registering precompiled user dll's ...
Registered in 0.001537 seconds.
Begin MonoManager ReloadAssembly
Native extension for WindowsStandalone target not found
Refreshing native plugins compatible for Editor in 0.53 ms, found 0 plugins.
Preloading 0 native plugins for Editor in 0.00 ms.
Invoked RoslynAnalysisRunner static constructor.
RoslynAnalysisRunner will not be running.
RoslynAnalysisRunner has terminated.
Mono: successfully reloaded assembly
- Completed reload, in  0.955 seconds
Platform modules already initialized, skipping
Shader 'Universal Render Pipeline/Particles/Lit': fallback shader 'Universal Render Pipeline/Particles/SimpleLit' not found
Refreshing native plugins compatible for Editor in 0.38 ms, found 0 plugins.
Preloading 0 native plugins for Editor in 0.00 ms.
Unloading 2334 Unused Serialized files (Serialized files now loaded: 0)
System memory in use before: 110.2 MB.
System memory in use after: 110.5 MB.

Unloading 5 unused Assets to reduce memory usage. Loaded Objects now: 2906.
Total: 2.144200 ms (FindLiveObjects: 0.299700 ms CreateObjectMapping: 0.106800 ms MarkObjects: 1.720800 ms  DeleteObjects: 0.015800 ms)

========================================================================
Received Import Request.
  path: Assets/Animations/PauseMenu.controller
  artifactKey: Guid(d437d2b1acaf6d543a6fae3f75ed01f7) Importer(815301076,1909f56bfc062723c751e8b465ee728b)
Start importing Assets/Animations/PauseMenu.controller using Guid(d437d2b1acaf6d543a6fae3f75ed01f7) Importer(815301076,1909f56bfc062723c751e8b465ee728b)  -> (artifact id: '1fdaa76a04a7a55f50b3ad5a405ad001') in 0.069909 seconds
  Import took 0.089095 seconds .

========================================================================
Received Prepare
Registering precompiled user dll's ...
Registered in 0.001563 seconds.
Begin MonoManager ReloadAssembly
Native extension for WindowsStandalone target not found
Refreshing native plugins compatible for Editor in 0.37 ms, found 0 plugins.
Preloading 0 native plugins for Editor in 0.00 ms.
Invoked RoslynAnalysisRunner static constructor.
RoslynAnalysisRunner will not be running.
RoslynAnalysisRunner has terminated.
Mono: successfully reloaded assembly
- Completed reload, in  1.005 seconds
Platform modules already initialized, skipping
Shader 'Universal Render Pipeline/Particles/Lit': fallback shader 'Universal Render Pipeline/Particles/SimpleLit' not found
Refreshing native plugins compatible for Editor in 0.39 ms, found 0 plugins.
Preloading 0 native plugins for Editor in 0.00 ms.
Unloading 2334 Unused Serialized files (Serialized files now loaded: 0)
System memory in use before: 110.3 MB.
System memory in use after: 110.5 MB.

Unloading 5 unused Assets to reduce memory usage. Loaded Objects now: 2909.
Total: 2.378300 ms (FindLiveObjects: 0.258700 ms CreateObjectMapping: 0.115200 ms MarkObjects: 1.801700 ms  DeleteObjects: 0.194500 ms)

========================================================================
Received Prepare
Registering precompiled user dll's ...
Registered in 0.001280 seconds.
Begin MonoManager ReloadAssembly
Native extension for WindowsStandalone target not found
Refreshing native plugins compatible for Editor in 0.38 ms, found 0 plugins.
Preloading 0 native plugins for Editor in 0.00 ms.
Invoked RoslynAnalysisRunner static constructor.
RoslynAnalysisRunner will not be running.
RoslynAnalysisRunner has terminated.
Mono: successfully reloaded assembly
- Completed reload, in  0.839 seconds
Platform modules already initialized, skipping
Shader 'Universal Render Pipeline/Particles/Lit': fallback shader 'Universal Render Pipeline/Particles/SimpleLit' not found
Refreshing native plugins compatible for Editor in 0.37 ms, found 0 plugins.
Preloading 0 native plugins for Editor in 0.00 ms.
Unloading 2334 Unused Serialized files (Serialized files now loaded: 0)
System memory in use before: 110.3 MB.
System memory in use after: 110.5 MB.

Unloading 5 unused Assets to reduce memory usage. Loaded Objects now: 2912.
Total: 2.271400 ms (FindLiveObjects: 0.250700 ms CreateObjectMapping: 0.123500 ms MarkObjects: 1.697800 ms  DeleteObjects: 0.197900 ms)

========================================================================
Received Prepare
Registering precompiled user dll's ...
Registered in 0.001295 seconds.
Begin MonoManager ReloadAssembly
Native extension for WindowsStandalone target not found
Refreshing native plugins compatible for Editor in 0.38 ms, found 0 plugins.
Preloading 0 native plugins for Editor in 0.00 ms.
Invoked RoslynAnalysisRunner static constructor.
RoslynAnalysisRunner will not be running.
RoslynAnalysisRunner has terminated.
Mono: successfully reloaded assembly
- Completed reload, in  0.850 seconds
Platform modules already initialized, skipping
Shader 'Universal Render Pipeline/Particles/Lit': fallback shader 'Universal Render Pipeline/Particles/SimpleLit' not found
Refreshing native plugins compatible for Editor in 0.41 ms, found 0 plugins.
Preloading 0 native plugins for Editor in 0.00 ms.
Unloading 2334 Unused Serialized files (Serialized files now loaded: 0)
System memory in use before: 110.3 MB.
System memory in use after: 110.6 MB.

Unloading 5 unused Assets to reduce memory usage. Loaded Objects now: 2915.
Total: 3.002500 ms (FindLiveObjects: 0.283100 ms CreateObjectMapping: 0.319200 ms MarkObjects: 2.206400 ms  DeleteObjects: 0.192600 ms)

========================================================================
Received Prepare
Registering precompiled user dll's ...
Registered in 0.002151 seconds.
Begin MonoManager ReloadAssembly
Native extension for WindowsStandalone target not found
Refreshing native plugins compatible for Editor in 0.37 ms, found 0 plugins.
Preloading 0 native plugins for Editor in 0.00 ms.
Invoked RoslynAnalysisRunner static constructor.
RoslynAnalysisRunner will not be running.
RoslynAnalysisRunner has terminated.
Mono: successfully reloaded assembly
- Completed reload, in  0.810 seconds
Platform modules already initialized, skipping
Shader 'Universal Render Pipeline/Particles/Lit': fallback shader 'Universal Render Pipeline/Particles/SimpleLit' not found
Refreshing native plugins compatible for Editor in 0.39 ms, found 0 plugins.
Preloading 0 native plugins for Editor in 0.00 ms.
Unloading 2334 Unused Serialized files (Serialized files now loaded: 0)
System memory in use before: 110.3 MB.
System memory in use after: 110.5 MB.

Unloading 5 unused Assets to reduce memory usage. Loaded Objects now: 2918.
Total: 2.092600 ms (FindLiveObjects: 0.267500 ms CreateObjectMapping: 0.126000 ms MarkObjects: 1.671100 ms  DeleteObjects: 0.026600 ms)

========================================================================
Received Prepare
Registering precompiled user dll's ...
Registered in 0.002384 seconds.
Begin MonoManager ReloadAssembly
Native extension for WindowsStandalone target not found
Refreshing native plugins compatible for Editor in 0.49 ms, found 0 plugins.
Preloading 0 native plugins for Editor in 0.00 ms.
Invoked RoslynAnalysisRunner static constructor.
RoslynAnalysisRunner will not be running.
RoslynAnalysisRunner has terminated.
Mono: successfully reloaded assembly
- Completed reload, in  0.850 seconds
Platform modules already initialized, skipping
Shader 'Universal Render Pipeline/Particles/Lit': fallback shader 'Universal Render Pipeline/Particles/SimpleLit' not found
Refreshing native plugins compatible for Editor in 0.39 ms, found 0 plugins.
Preloading 0 native plugins for Editor in 0.00 ms.
Unloading 2334 Unused Serialized files (Serialized files now loaded: 0)
System memory in use before: 110.4 MB.
System memory in use after: 110.6 MB.

Unloading 5 unused Assets to reduce memory usage. Loaded Objects now: 2921.
Total: 2.028100 ms (FindLiveObjects: 0.236600 ms CreateObjectMapping: 0.117400 ms MarkObjects: 1.650300 ms  DeleteObjects: 0.022800 ms)

========================================================================
Received Import Request.
  Time since last request: 1216.334604 seconds.
  path: Assets/Scenes/SampleScene.unity
  artifactKey: Guid(d1c3109bdb54ad54c8a2b2838528e640) Importer(815301076,1909f56bfc062723c751e8b465ee728b)
Start importing Assets/Scenes/SampleScene.unity using Guid(d1c3109bdb54ad54c8a2b2838528e640) Importer(815301076,1909f56bfc062723c751e8b465ee728b)  -> (artifact id: '6c4de8138fb2ed2888d15d7e55cebd09') in 0.048683 seconds
  Import took 0.053607 seconds .

========================================================================
Received Import Request.
  Time since last request: 7.398008 seconds.
  path: Assets/Scenes/SampleSceneLightingSettings.lighting
  artifactKey: Guid(477cc4148fad3449482a3bc3178594e2) Importer(815301076,1909f56bfc062723c751e8b465ee728b)
Start importing Assets/Scenes/SampleSceneLightingSettings.lighting using Guid(477cc4148fad3449482a3bc3178594e2) Importer(815301076,1909f56bfc062723c751e8b465ee728b)  -> (artifact id: 'f092c52d667de3be7c9b55cd05b9b216') in 0.019014 seconds
  Import took 0.023926 seconds .

========================================================================
Received Import Request.
  Time since last request: 0.000516 seconds.
  path: Assets/Scenes/SampleSceneLightingSettings.lighting
  artifactKey: Guid(477cc4148fad3449482a3bc3178594e2) Importer(815301076,1909f56bfc062723c751e8b465ee728b)
Start importing Assets/Scenes/SampleSceneLightingSettings.lighting using Guid(477cc4148fad3449482a3bc3178594e2) Importer(815301076,1909f56bfc062723c751e8b465ee728b)  -> (artifact id: 'f092c52d667de3be7c9b55cd05b9b216') in 0.016102 seconds
  Import took 0.020542 seconds .

========================================================================
Received Import Request.
  Time since last request: 3.466563 seconds.
  path: Assets/Scenes/Level 1
  artifactKey: Guid(10f7176f0fa4c184c9dceb39ad683b39) Importer(815301076,1909f56bfc062723c751e8b465ee728b)
Start importing Assets/Scenes/Level 1 using Guid(10f7176f0fa4c184c9dceb39ad683b39) Importer(815301076,1909f56bfc062723c751e8b465ee728b)  -> (artifact id: 'b3a2750d8b935625318d3325cdbb3333') in 0.009567 seconds
  Import took 0.013491 seconds .

========================================================================
Received Import Request.
  Time since last request: 0.699019 seconds.
  path: Assets/Scenes/Level 1/NavMesh.asset
  artifactKey: Guid(d29d2d4846231a64da52b2e40be47616) Importer(815301076,1909f56bfc062723c751e8b465ee728b)
Start importing Assets/Scenes/Level 1/NavMesh.asset using Guid(d29d2d4846231a64da52b2e40be47616) Importer(815301076,1909f56bfc062723c751e8b465ee728b)  -> (artifact id: '126464cb443d42304ffa7bc52671cf34') in 0.009163 seconds
  Import took 0.012948 seconds .

========================================================================
Received Import Request.
  Time since last request: 16.607155 seconds.
  path: Assets/Scenes
  artifactKey: Guid(157474beccca10449ba32f5148a6647d) Importer(815301076,1909f56bfc062723c751e8b465ee728b)
Start importing Assets/Scenes using Guid(157474beccca10449ba32f5148a6647d) Importer(815301076,1909f56bfc062723c751e8b465ee728b)  -> (artifact id: '3aa86070309f741436cdade7677ae3c9') in 0.019446 seconds
  Import took 0.025558 seconds .

========================================================================
Received Import Request.
  Time since last request: 8.496296 seconds.
  path: Assets/Scenes/MainMenu.unity
  artifactKey: Guid(a481724a29ef500449a3807a705176e8) Importer(815301076,1909f56bfc062723c751e8b465ee728b)
Start importing Assets/Scenes/MainMenu.unity using Guid(a481724a29ef500449a3807a705176e8) Importer(815301076,1909f56bfc062723c751e8b465ee728b)  -> (artifact id: '60cd349d95db624dececad2f32e08c6c') in 0.015638 seconds
  Import took 0.021294 seconds .

========================================================================
Received Import Request.
  Time since last request: 150.739621 seconds.
  path: Assets/Scripts/MainMenuCamera.cs
  artifactKey: Guid(8b16aa46f849f1144bf277458a3022e0) Importer(815301076,1909f56bfc062723c751e8b465ee728b)
Start importing Assets/Scripts/MainMenuCamera.cs using Guid(8b16aa46f849f1144bf277458a3022e0) Importer(815301076,1909f56bfc062723c751e8b465ee728b)  -> (artifact id: 'fbd83e6fae801f24ce2ab746a54c4fa8') in 0.022601 seconds
  Import took 0.028693 seconds .

========================================================================
Received Prepare
Registering precompiled user dll's ...
Registered in 0.001363 seconds.
Begin MonoManager ReloadAssembly
Native extension for WindowsStandalone target not found
Refreshing native plugins compatible for Editor in 0.36 ms, found 0 plugins.
Preloading 0 native plugins for Editor in 0.00 ms.
Invoked RoslynAnalysisRunner static constructor.
RoslynAnalysisRunner will not be running.
RoslynAnalysisRunner has terminated.
Mono: successfully reloaded assembly
- Completed reload, in  0.790 seconds
Platform modules already initialized, skipping
Shader 'Universal Render Pipeline/Particles/Lit': fallback shader 'Universal Render Pipeline/Particles/SimpleLit' not found
Refreshing native plugins compatible for Editor in 0.37 ms, found 0 plugins.
Preloading 0 native plugins for Editor in 0.00 ms.
Unloading 2335 Unused Serialized files (Serialized files now loaded: 0)
System memory in use before: 110.4 MB.
System memory in use after: 110.6 MB.

Unloading 5 unused Assets to reduce memory usage. Loaded Objects now: 2925.
Total: 2.437900 ms (FindLiveObjects: 0.263400 ms CreateObjectMapping: 0.146100 ms MarkObjects: 2.002000 ms  DeleteObjects: 0.024900 ms)

========================================================================
Received Import Request.
  Time since last request: 44.215100 seconds.
  path: Assets/Scenes/Level 1.unity
  artifactKey: Guid(b1ea727ff54c87a4b863dacd7ca9130e) Importer(815301076,1909f56bfc062723c751e8b465ee728b)
Start importing Assets/Scenes/Level 1.unity using Guid(b1ea727ff54c87a4b863dacd7ca9130e) Importer(815301076,1909f56bfc062723c751e8b465ee728b)  -> (artifact id: '3938a36607d4fc7fdaff858d5d867557') in 0.025101 seconds
  Import took 0.028997 seconds .

========================================================================
Received Import Request.
  Time since last request: 156.655718 seconds.
  path: Assets/Scripts/LightBlicking.cs
  artifactKey: Guid(8d6ceb9d5e4db0446bd5f63d536da25d) Importer(815301076,1909f56bfc062723c751e8b465ee728b)
Start importing Assets/Scripts/LightBlicking.cs using Guid(8d6ceb9d5e4db0446bd5f63d536da25d) Importer(815301076,1909f56bfc062723c751e8b465ee728b)  -> (artifact id: 'fd9257642cc77ae6720865e95c8abf41') in 0.027118 seconds
  Import took 0.033032 seconds .

========================================================================
Received Prepare
Registering precompiled user dll's ...
Registered in 0.001568 seconds.
Begin MonoManager ReloadAssembly
Native extension for WindowsStandalone target not found
Refreshing native plugins compatible for Editor in 0.37 ms, found 0 plugins.
Preloading 0 native plugins for Editor in 0.00 ms.
Invoked RoslynAnalysisRunner static constructor.
RoslynAnalysisRunner will not be running.
RoslynAnalysisRunner has terminated.
Mono: successfully reloaded assembly
- Completed reload, in  0.843 seconds
Platform modules already initialized, skipping
Shader 'Universal Render Pipeline/Particles/Lit': fallback shader 'Universal Render Pipeline/Particles/SimpleLit' not found
Refreshing native plugins compatible for Editor in 0.37 ms, found 0 plugins.
Preloading 0 native plugins for Editor in 0.00 ms.
Unloading 2336 Unused Serialized files (Serialized files now loaded: 0)
System memory in use before: 110.5 MB.
System memory in use after: 110.7 MB.

Unloading 5 unused Assets to reduce memory usage. Loaded Objects now: 2929.
Total: 2.583900 ms (FindLiveObjects: 0.245700 ms CreateObjectMapping: 0.110900 ms MarkObjects: 2.204300 ms  DeleteObjects: 0.021400 ms)

========================================================================
Received Import Request.
  Time since last request: 97.253593 seconds.
  path: Assets/Prefabs/room.prefab
  artifactKey: Guid(37ea3e17362c2d34286dd1c6602ad710) Importer(815301076,1909f56bfc062723c751e8b465ee728b)
Start importing Assets/Prefabs/room.prefab using Guid(37ea3e17362c2d34286dd1c6602ad710) Importer(815301076,1909f56bfc062723c751e8b465ee728b)  -> (artifact id: '55a2e12d620b935590949ae3270621cd') in 0.354665 seconds
  Import took 0.359644 seconds .

========================================================================
Received Import Request.
  Time since last request: 5.680373 seconds.
  path: Assets/Scenes/MainMenu.unity
  artifactKey: Guid(a481724a29ef500449a3807a705176e8) Importer(815301076,1909f56bfc062723c751e8b465ee728b)
Start importing Assets/Scenes/MainMenu.unity using Guid(a481724a29ef500449a3807a705176e8) Importer(815301076,1909f56bfc062723c751e8b465ee728b)  -> (artifact id: '07ef0b42a9f0fbf6f6db8a29f497d913') in 0.011470 seconds
  Import took 0.015275 seconds .

========================================================================
Received Prepare
Registering precompiled user dll's ...
Registered in 0.001293 seconds.
Begin MonoManager ReloadAssembly
Native extension for WindowsStandalone target not found
Refreshing native plugins compatible for Editor in 0.38 ms, found 0 plugins.
Preloading 0 native plugins for Editor in 0.00 ms.
Invoked RoslynAnalysisRunner static constructor.
RoslynAnalysisRunner will not be running.
RoslynAnalysisRunner has terminated.
Mono: successfully reloaded assembly
- Completed reload, in  0.856 seconds
Platform modules already initialized, skipping
Shader 'Universal Render Pipeline/Particles/Lit': fallback shader 'Universal Render Pipeline/Particles/SimpleLit' not found
Refreshing native plugins compatible for Editor in 0.38 ms, found 0 plugins.
Preloading 0 native plugins for Editor in 0.00 ms.
Unloading 2336 Unused Serialized files (Serialized files now loaded: 0)
System memory in use before: 115.9 MB.
System memory in use after: 116.1 MB.

Unloading 5 unused Assets to reduce memory usage. Loaded Objects now: 2980.
Total: 2.472500 ms (FindLiveObjects: 0.312400 ms CreateObjectMapping: 0.162400 ms MarkObjects: 1.969300 ms  DeleteObjects: 0.027100 ms)

========================================================================
Received Prepare
Registering precompiled user dll's ...
Registered in 0.001274 seconds.
Begin MonoManager ReloadAssembly
Native extension for WindowsStandalone target not found
Refreshing native plugins compatible for Editor in 0.82 ms, found 0 plugins.
Preloading 0 native plugins for Editor in 0.00 ms.
Invoked RoslynAnalysisRunner static constructor.
RoslynAnalysisRunner will not be running.
RoslynAnalysisRunner has terminated.
Mono: successfully reloaded assembly
- Completed reload, in  0.966 seconds
Platform modules already initialized, skipping
Shader 'Universal Render Pipeline/Particles/Lit': fallback shader 'Universal Render Pipeline/Particles/SimpleLit' not found
Refreshing native plugins compatible for Editor in 0.37 ms, found 0 plugins.
Preloading 0 native plugins for Editor in 0.00 ms.
Unloading 2336 Unused Serialized files (Serialized files now loaded: 0)
System memory in use before: 115.8 MB.
System memory in use after: 116.0 MB.

Unloading 5 unused Assets to reduce memory usage. Loaded Objects now: 2983.
Total: 2.152100 ms (FindLiveObjects: 0.256700 ms CreateObjectMapping: 0.135600 ms MarkObjects: 1.734900 ms  DeleteObjects: 0.023700 ms)

========================================================================
Received Prepare
Registering precompiled user dll's ...
Registered in 0.002686 seconds.
Begin MonoManager ReloadAssembly
Native extension for WindowsStandalone target not found
Refreshing native plugins compatible for Editor in 0.36 ms, found 0 plugins.
Preloading 0 native plugins for Editor in 0.00 ms.
Invoked RoslynAnalysisRunner static constructor.
RoslynAnalysisRunner will not be running.
RoslynAnalysisRunner has terminated.
Mono: successfully reloaded assembly
- Completed reload, in  0.987 seconds
Platform modules already initialized, skipping
Shader 'Universal Render Pipeline/Particles/Lit': fallback shader 'Universal Render Pipeline/Particles/SimpleLit' not found
Refreshing native plugins compatible for Editor in 0.37 ms, found 0 plugins.
Preloading 0 native plugins for Editor in 0.00 ms.
Unloading 2336 Unused Serialized files (Serialized files now loaded: 0)
System memory in use before: 115.9 MB.
System memory in use after: 116.1 MB.

Unloading 5 unused Assets to reduce memory usage. Loaded Objects now: 2986.
Total: 2.523100 ms (FindLiveObjects: 0.255400 ms CreateObjectMapping: 0.121800 ms MarkObjects: 2.123900 ms  DeleteObjects: 0.021000 ms)

========================================================================
Received Prepare
Registering precompiled user dll's ...
Registered in 0.001556 seconds.
Begin MonoManager ReloadAssembly
Native extension for WindowsStandalone target not found
Refreshing native plugins compatible for Editor in 0.37 ms, found 0 plugins.
Preloading 0 native plugins for Editor in 0.00 ms.
Invoked RoslynAnalysisRunner static constructor.
RoslynAnalysisRunner will not be running.
RoslynAnalysisRunner has terminated.
Mono: successfully reloaded assembly
- Completed reload, in  0.826 seconds
Platform modules already initialized, skipping
Shader 'Universal Render Pipeline/Particles/Lit': fallback shader 'Universal Render Pipeline/Particles/SimpleLit' not found
Refreshing native plugins compatible for Editor in 0.37 ms, found 0 plugins.
Preloading 0 native plugins for Editor in 0.00 ms.
Unloading 2336 Unused Serialized files (Serialized files now loaded: 0)
System memory in use before: 115.9 MB.
System memory in use after: 116.1 MB.

Unloading 5 unused Assets to reduce memory usage. Loaded Objects now: 2989.
Total: 2.270300 ms (FindLiveObjects: 0.271400 ms CreateObjectMapping: 0.135300 ms MarkObjects: 1.843200 ms  DeleteObjects: 0.019200 ms)

========================================================================
Received Prepare
Registering precompiled user dll's ...
Registered in 0.001336 seconds.
Begin MonoManager ReloadAssembly
Native extension for WindowsStandalone target not found
Refreshing native plugins compatible for Editor in 0.37 ms, found 0 plugins.
Preloading 0 native plugins for Editor in 0.00 ms.
Invoked RoslynAnalysisRunner static constructor.
RoslynAnalysisRunner will not be running.
RoslynAnalysisRunner has terminated.
Mono: successfully reloaded assembly
- Completed reload, in  0.831 seconds
Platform modules already initialized, skipping
Shader 'Universal Render Pipeline/Particles/Lit': fallback shader 'Universal Render Pipeline/Particles/SimpleLit' not found
Refreshing native plugins compatible for Editor in 0.39 ms, found 0 plugins.
Preloading 0 native plugins for Editor in 0.00 ms.
Unloading 2336 Unused Serialized files (Serialized files now loaded: 0)
System memory in use before: 115.9 MB.
System memory in use after: 116.1 MB.

Unloading 5 unused Assets to reduce memory usage. Loaded Objects now: 2992.
Total: 2.094500 ms (FindLiveObjects: 0.259700 ms CreateObjectMapping: 0.124700 ms MarkObjects: 1.690400 ms  DeleteObjects: 0.018300 ms)

========================================================================
Received Import Request.
  Time since last request: 3397.999477 seconds.
  path: Assets/Scripts/MainMenu.cs
  artifactKey: Guid(dcf517e0455ecfe498697c18e6d21f3d) Importer(815301076,1909f56bfc062723c751e8b465ee728b)
Start importing Assets/Scripts/MainMenu.cs using Guid(dcf517e0455ecfe498697c18e6d21f3d) Importer(815301076,1909f56bfc062723c751e8b465ee728b)  -> (artifact id: '4103d59dfd144d63e4aef9feb3354e73') in 0.022757 seconds
  Import took 0.028615 seconds .

========================================================================
Received Prepare
Registering precompiled user dll's ...
Registered in 0.001277 seconds.
Begin MonoManager ReloadAssembly
Native extension for WindowsStandalone target not found
Refreshing native plugins compatible for Editor in 0.42 ms, found 0 plugins.
Preloading 0 native plugins for Editor in 0.00 ms.
Invoked RoslynAnalysisRunner static constructor.
RoslynAnalysisRunner will not be running.
RoslynAnalysisRunner has terminated.
Mono: successfully reloaded assembly
- Completed reload, in  1.001 seconds
Platform modules already initialized, skipping
Shader 'Universal Render Pipeline/Particles/Lit': fallback shader 'Universal Render Pipeline/Particles/SimpleLit' not found
Refreshing native plugins compatible for Editor in 0.37 ms, found 0 plugins.
Preloading 0 native plugins for Editor in 0.00 ms.
Unloading 2337 Unused Serialized files (Serialized files now loaded: 0)
System memory in use before: 115.9 MB.
System memory in use after: 116.1 MB.

Unloading 5 unused Assets to reduce memory usage. Loaded Objects now: 2996.
Total: 1.948400 ms (FindLiveObjects: 0.242400 ms CreateObjectMapping: 0.117900 ms MarkObjects: 1.567100 ms  DeleteObjects: 0.020000 ms)

========================================================================
Received Prepare
Registering precompiled user dll's ...
Registered in 0.001329 seconds.
Begin MonoManager ReloadAssembly
Native extension for WindowsStandalone target not found
Refreshing native plugins compatible for Editor in 0.37 ms, found 0 plugins.
Preloading 0 native plugins for Editor in 0.00 ms.
Invoked RoslynAnalysisRunner static constructor.
RoslynAnalysisRunner will not be running.
RoslynAnalysisRunner has terminated.
Mono: successfully reloaded assembly
- Completed reload, in  0.924 seconds
Platform modules already initialized, skipping
Shader 'Universal Render Pipeline/Particles/Lit': fallback shader 'Universal Render Pipeline/Particles/SimpleLit' not found
Refreshing native plugins compatible for Editor in 0.47 ms, found 0 plugins.
Preloading 0 native plugins for Editor in 0.00 ms.
Unloading 2337 Unused Serialized files (Serialized files now loaded: 0)
System memory in use before: 115.8 MB.
System memory in use after: 116.0 MB.

Unloading 5 unused Assets to reduce memory usage. Loaded Objects now: 2999.
Total: 2.141300 ms (FindLiveObjects: 0.261400 ms CreateObjectMapping: 0.123100 ms MarkObjects: 1.735500 ms  DeleteObjects: 0.020100 ms)

========================================================================
Received Prepare
Registering precompiled user dll's ...
Registered in 0.001499 seconds.
Begin MonoManager ReloadAssembly
Native extension for WindowsStandalone target not found
Refreshing native plugins compatible for Editor in 0.46 ms, found 0 plugins.
Preloading 0 native plugins for Editor in 0.00 ms.
Invoked RoslynAnalysisRunner static constructor.
RoslynAnalysisRunner will not be running.
RoslynAnalysisRunner has terminated.
Mono: successfully reloaded assembly
- Completed reload, in  0.857 seconds
Platform modules already initialized, skipping
Shader 'Universal Render Pipeline/Particles/Lit': fallback shader 'Universal Render Pipeline/Particles/SimpleLit' not found
Refreshing native plugins compatible for Editor in 0.39 ms, found 0 plugins.
Preloading 0 native plugins for Editor in 0.00 ms.
Unloading 2337 Unused Serialized files (Serialized files now loaded: 0)
System memory in use before: 115.9 MB.
System memory in use after: 116.1 MB.

Unloading 5 unused Assets to reduce memory usage. Loaded Objects now: 3002.
Total: 2.152300 ms (FindLiveObjects: 0.257900 ms CreateObjectMapping: 0.122900 ms MarkObjects: 1.747200 ms  DeleteObjects: 0.022900 ms)

========================================================================
Received Import Request.
  Time since last request: 504.662244 seconds.
  path: Assets/Scripts/SPMenu.cs
  artifactKey: Guid(2e1ff8f570cb8ae45ab5aa4eb5729f9e) Importer(815301076,1909f56bfc062723c751e8b465ee728b)
Start importing Assets/Scripts/SPMenu.cs using Guid(2e1ff8f570cb8ae45ab5aa4eb5729f9e) Importer(815301076,1909f56bfc062723c751e8b465ee728b)  -> (artifact id: '3568731b68ee983e33c2dce99fb7c8c6') in 0.031150 seconds
  Import took 0.036810 seconds .

========================================================================
Received Prepare
Registering precompiled user dll's ...
Registered in 0.001494 seconds.
Begin MonoManager ReloadAssembly
Native extension for WindowsStandalone target not found
Refreshing native plugins compatible for Editor in 0.36 ms, found 0 plugins.
Preloading 0 native plugins for Editor in 0.00 ms.
Invoked RoslynAnalysisRunner static constructor.
RoslynAnalysisRunner will not be running.
RoslynAnalysisRunner has terminated.
Mono: successfully reloaded assembly
- Completed reload, in  0.897 seconds
Platform modules already initialized, skipping
Shader 'Universal Render Pipeline/Particles/Lit': fallback shader 'Universal Render Pipeline/Particles/SimpleLit' not found
Refreshing native plugins compatible for Editor in 0.36 ms, found 0 plugins.
Preloading 0 native plugins for Editor in 0.00 ms.
Unloading 2338 Unused Serialized files (Serialized files now loaded: 0)
System memory in use before: 116.0 MB.
System memory in use after: 116.2 MB.

Unloading 5 unused Assets to reduce memory usage. Loaded Objects now: 3006.
Total: 2.498600 ms (FindLiveObjects: 0.277400 ms CreateObjectMapping: 0.128800 ms MarkObjects: 2.068300 ms  DeleteObjects: 0.022700 ms)

========================================================================
Received Import Request.
  Time since last request: 297.607682 seconds.
  path: Assets/Scripts/ResetHighScore.cs
  artifactKey: Guid(c24563899acd22f458040cf481dd8344) Importer(815301076,1909f56bfc062723c751e8b465ee728b)
Start importing Assets/Scripts/ResetHighScore.cs using Guid(c24563899acd22f458040cf481dd8344) Importer(815301076,1909f56bfc062723c751e8b465ee728b)  -> (artifact id: 'f1c989bb4be5974687b956ac74bd74ce') in 0.021847 seconds
  Import took 0.028418 seconds .

========================================================================
Received Prepare
Registering precompiled user dll's ...
Registered in 0.001307 seconds.
Begin MonoManager ReloadAssembly
Native extension for WindowsStandalone target not found
Refreshing native plugins compatible for Editor in 0.37 ms, found 0 plugins.
Preloading 0 native plugins for Editor in 0.00 ms.
Invoked RoslynAnalysisRunner static constructor.
RoslynAnalysisRunner will not be running.
RoslynAnalysisRunner has terminated.
Mono: successfully reloaded assembly
- Completed reload, in  0.897 seconds
Platform modules already initialized, skipping
Shader 'Universal Render Pipeline/Particles/Lit': fallback shader 'Universal Render Pipeline/Particles/SimpleLit' not found
Refreshing native plugins compatible for Editor in 0.39 ms, found 0 plugins.
Preloading 0 native plugins for Editor in 0.00 ms.
Unloading 2339 Unused Serialized files (Serialized files now loaded: 0)
System memory in use before: 116.0 MB.
System memory in use after: 116.2 MB.

Unloading 5 unused Assets to reduce memory usage. Loaded Objects now: 3010.
Total: 2.331800 ms (FindLiveObjects: 0.382500 ms CreateObjectMapping: 0.162000 ms MarkObjects: 1.766600 ms  DeleteObjects: 0.019700 ms)

========================================================================
Received Import Request.
  Time since last request: 368.221367 seconds.
  path: Assets/Scripts/MPMenu.cs
  artifactKey: Guid(3c379dca54f2b8644804e28b9d19a105) Importer(815301076,1909f56bfc062723c751e8b465ee728b)
Start importing Assets/Scripts/MPMenu.cs using Guid(3c379dca54f2b8644804e28b9d19a105) Importer(815301076,1909f56bfc062723c751e8b465ee728b)  -> (artifact id: 'ec88894f1f758ff860eb8b3adbcfca82') in 0.030509 seconds
  Import took 0.038615 seconds .

========================================================================
Received Prepare
Registering precompiled user dll's ...
Registered in 0.002630 seconds.
Begin MonoManager ReloadAssembly
Native extension for WindowsStandalone target not found
Refreshing native plugins compatible for Editor in 0.38 ms, found 0 plugins.
Preloading 0 native plugins for Editor in 0.00 ms.
Invoked RoslynAnalysisRunner static constructor.
RoslynAnalysisRunner will not be running.
RoslynAnalysisRunner has terminated.
Mono: successfully reloaded assembly
- Completed reload, in  0.955 seconds
Platform modules already initialized, skipping
Shader 'Universal Render Pipeline/Particles/Lit': fallback shader 'Universal Render Pipeline/Particles/SimpleLit' not found
Refreshing native plugins compatible for Editor in 0.37 ms, found 0 plugins.
Preloading 0 native plugins for Editor in 0.00 ms.
Unloading 2340 Unused Serialized files (Serialized files now loaded: 0)
System memory in use before: 116.0 MB.
System memory in use after: 116.2 MB.

Unloading 5 unused Assets to reduce memory usage. Loaded Objects now: 3014.
Total: 2.690100 ms (FindLiveObjects: 0.529600 ms CreateObjectMapping: 0.190600 ms MarkObjects: 1.948900 ms  DeleteObjects: 0.020100 ms)

========================================================================
Received Prepare
Registering precompiled user dll's ...
Registered in 0.001321 seconds.
Begin MonoManager ReloadAssembly
Native extension for WindowsStandalone target not found
Refreshing native plugins compatible for Editor in 0.36 ms, found 0 plugins.
Preloading 0 native plugins for Editor in 0.00 ms.
Invoked RoslynAnalysisRunner static constructor.
RoslynAnalysisRunner will not be running.
RoslynAnalysisRunner has terminated.
Mono: successfully reloaded assembly
- Completed reload, in  0.862 seconds
Platform modules already initialized, skipping
Shader 'Universal Render Pipeline/Particles/Lit': fallback shader 'Universal Render Pipeline/Particles/SimpleLit' not found
Refreshing native plugins compatible for Editor in 0.43 ms, found 0 plugins.
Preloading 0 native plugins for Editor in 0.00 ms.
Unloading 2340 Unused Serialized files (Serialized files now loaded: 0)
System memory in use before: 115.9 MB.
System memory in use after: 116.1 MB.

Unloading 5 unused Assets to reduce memory usage. Loaded Objects now: 3017.
Total: 2.232900 ms (FindLiveObjects: 0.267500 ms CreateObjectMapping: 0.130400 ms MarkObjects: 1.814600 ms  DeleteObjects: 0.019000 ms)

========================================================================
Received Import Request.
  Time since last request: 315.386389 seconds.
  path: Assets/Scenes/Level 1.unity
  artifactKey: Guid(b1ea727ff54c87a4b863dacd7ca9130e) Importer(815301076,1909f56bfc062723c751e8b465ee728b)
Start importing Assets/Scenes/Level 1.unity using Guid(b1ea727ff54c87a4b863dacd7ca9130e) Importer(815301076,1909f56bfc062723c751e8b465ee728b)  -> (artifact id: '2bfcc9dc9742ba534d642ca2e5e21ac0') in 0.020405 seconds
  Import took 0.025184 seconds .

========================================================================
Received Import Request.
  Time since last request: 123.599506 seconds.
  path: Assets/Scenes/Level 1.unity
  artifactKey: Guid(b1ea727ff54c87a4b863dacd7ca9130e) Importer(815301076,1909f56bfc062723c751e8b465ee728b)
Start importing Assets/Scenes/Level 1.unity using Guid(b1ea727ff54c87a4b863dacd7ca9130e) Importer(815301076,1909f56bfc062723c751e8b465ee728b)  -> (artifact id: '3c47c247a15bf4ae294da496b672af27') in 0.006949 seconds
  Import took 0.011625 seconds .

========================================================================
Received Import Request.
  Time since last request: 0.803654 seconds.
  path: Assets/Scenes/MainMenu.unity
  artifactKey: Guid(a481724a29ef500449a3807a705176e8) Importer(815301076,1909f56bfc062723c751e8b465ee728b)
Start importing Assets/Scenes/MainMenu.unity using Guid(a481724a29ef500449a3807a705176e8) Importer(815301076,1909f56bfc062723c751e8b465ee728b)  -> (artifact id: '24dbda796b1f556c028d9751b9ffed8a') in 0.010698 seconds
  Import took 0.014716 seconds .

========================================================================
Received Prepare
Registering precompiled user dll's ...
Registered in 0.001750 seconds.
Begin MonoManager ReloadAssembly
Native extension for WindowsStandalone target not found
Refreshing native plugins compatible for Editor in 0.41 ms, found 0 plugins.
Preloading 0 native plugins for Editor in 0.00 ms.
Invoked RoslynAnalysisRunner static constructor.
RoslynAnalysisRunner will not be running.
RoslynAnalysisRunner has terminated.
Mono: successfully reloaded assembly
- Completed reload, in  0.823 seconds
Platform modules already initialized, skipping
Shader 'Universal Render Pipeline/Particles/Lit': fallback shader 'Universal Render Pipeline/Particles/SimpleLit' not found
Refreshing native plugins compatible for Editor in 0.38 ms, found 0 plugins.
Preloading 0 native plugins for Editor in 0.00 ms.
Unloading 2340 Unused Serialized files (Serialized files now loaded: 0)
System memory in use before: 116.0 MB.
System memory in use after: 116.3 MB.

Unloading 5 unused Assets to reduce memory usage. Loaded Objects now: 3020.
Total: 2.219200 ms (FindLiveObjects: 0.239100 ms CreateObjectMapping: 0.106500 ms MarkObjects: 1.855600 ms  DeleteObjects: 0.017000 ms)

========================================================================
Received Prepare
Registering precompiled user dll's ...
Registered in 0.002028 seconds.
Begin MonoManager ReloadAssembly
Native extension for WindowsStandalone target not found
Refreshing native plugins compatible for Editor in 0.36 ms, found 0 plugins.
Preloading 0 native plugins for Editor in 0.00 ms.
Invoked RoslynAnalysisRunner static constructor.
RoslynAnalysisRunner will not be running.
RoslynAnalysisRunner has terminated.
Mono: successfully reloaded assembly
- Completed reload, in  0.866 seconds
Platform modules already initialized, skipping
Shader 'Universal Render Pipeline/Particles/Lit': fallback shader 'Universal Render Pipeline/Particles/SimpleLit' not found
Refreshing native plugins compatible for Editor in 0.38 ms, found 0 plugins.
Preloading 0 native plugins for Editor in 0.00 ms.
Unloading 2340 Unused Serialized files (Serialized files now loaded: 0)
System memory in use before: 116.0 MB.
System memory in use after: 116.3 MB.

Unloading 5 unused Assets to reduce memory usage. Loaded Objects now: 3023.
Total: 2.099100 ms (FindLiveObjects: 0.256900 ms CreateObjectMapping: 0.118600 ms MarkObjects: 1.697800 ms  DeleteObjects: 0.024000 ms)

========================================================================
Received Prepare
Registering precompiled user dll's ...
Registered in 0.002869 seconds.
Begin MonoManager ReloadAssembly
Native extension for WindowsStandalone target not found
Refreshing native plugins compatible for Editor in 0.98 ms, found 0 plugins.
Preloading 0 native plugins for Editor in 0.00 ms.
Invoked RoslynAnalysisRunner static constructor.
RoslynAnalysisRunner will not be running.
RoslynAnalysisRunner has terminated.
Mono: successfully reloaded assembly
- Completed reload, in  6.736 seconds
Platform modules already initialized, skipping
Shader 'Universal Render Pipeline/Particles/Lit': fallback shader 'Universal Render Pipeline/Particles/SimpleLit' not found
Refreshing native plugins compatible for Editor in 0.38 ms, found 0 plugins.
Preloading 0 native plugins for Editor in 0.00 ms.
Unloading 2340 Unused Serialized files (Serialized files now loaded: 0)
System memory in use before: 116.0 MB.
System memory in use after: 116.3 MB.

Unloading 5 unused Assets to reduce memory usage. Loaded Objects now: 3026.
Total: 2.217000 ms (FindLiveObjects: 0.271100 ms CreateObjectMapping: 0.129500 ms MarkObjects: 1.797800 ms  DeleteObjects: 0.017000 ms)

========================================================================
Received Prepare
Registering precompiled user dll's ...
Registered in 0.002196 seconds.
Begin MonoManager ReloadAssembly
Native extension for WindowsStandalone target not found
Refreshing native plugins compatible for Editor in 0.39 ms, found 0 plugins.
Preloading 0 native plugins for Editor in 0.00 ms.
Invoked RoslynAnalysisRunner static constructor.
RoslynAnalysisRunner will not be running.
RoslynAnalysisRunner has terminated.
Mono: successfully reloaded assembly
- Completed reload, in  0.867 seconds
Platform modules already initialized, skipping
Shader 'Universal Render Pipeline/Particles/Lit': fallback shader 'Universal Render Pipeline/Particles/SimpleLit' not found
Refreshing native plugins compatible for Editor in 0.37 ms, found 0 plugins.
Preloading 0 native plugins for Editor in 0.00 ms.
Unloading 2340 Unused Serialized files (Serialized files now loaded: 0)
System memory in use before: 116.1 MB.
System memory in use after: 116.3 MB.

Unloading 5 unused Assets to reduce memory usage. Loaded Objects now: 3029.
Total: 2.095000 ms (FindLiveObjects: 0.237400 ms CreateObjectMapping: 0.098100 ms MarkObjects: 1.739900 ms  DeleteObjects: 0.018400 ms)

========================================================================
Received Prepare
Registering precompiled user dll's ...
Registered in 0.001737 seconds.
Begin MonoManager ReloadAssembly
Native extension for WindowsStandalone target not found
Refreshing native plugins compatible for Editor in 0.37 ms, found 0 plugins.
Preloading 0 native plugins for Editor in 0.00 ms.
Invoked RoslynAnalysisRunner static constructor.
RoslynAnalysisRunner will not be running.
RoslynAnalysisRunner has terminated.
Mono: successfully reloaded assembly
- Completed reload, in  0.889 seconds
Platform modules already initialized, skipping
Shader 'Universal Render Pipeline/Particles/Lit': fallback shader 'Universal Render Pipeline/Particles/SimpleLit' not found
Refreshing native plugins compatible for Editor in 0.38 ms, found 0 plugins.
Preloading 0 native plugins for Editor in 0.00 ms.
Unloading 2340 Unused Serialized files (Serialized files now loaded: 0)
System memory in use before: 116.0 MB.
System memory in use after: 116.2 MB.

Unloading 5 unused Assets to reduce memory usage. Loaded Objects now: 3032.
Total: 2.433100 ms (FindLiveObjects: 0.302500 ms CreateObjectMapping: 0.152700 ms MarkObjects: 1.955900 ms  DeleteObjects: 0.020800 ms)

========================================================================
Received Prepare
Registering precompiled user dll's ...
Registered in 0.029231 seconds.
Begin MonoManager ReloadAssembly
Native extension for WindowsStandalone target not found
Refreshing native plugins compatible for Editor in 0.82 ms, found 0 plugins.
Preloading 0 native plugins for Editor in 0.00 ms.
Invoked RoslynAnalysisRunner static constructor.
RoslynAnalysisRunner will not be running.
RoslynAnalysisRunner has terminated.
Mono: successfully reloaded assembly
- Completed reload, in  5.149 seconds
Platform modules already initialized, skipping
Shader 'Universal Render Pipeline/Particles/Lit': fallback shader 'Universal Render Pipeline/Particles/SimpleLit' not found
Refreshing native plugins compatible for Editor in 0.52 ms, found 0 plugins.
Preloading 0 native plugins for Editor in 0.00 ms.
Unloading 2340 Unused Serialized files (Serialized files now loaded: 0)
System memory in use before: 116.1 MB.
System memory in use after: 116.3 MB.

Unloading 5 unused Assets to reduce memory usage. Loaded Objects now: 3035.
Total: 3.179600 ms (FindLiveObjects: 0.302100 ms CreateObjectMapping: 0.303700 ms MarkObjects: 2.551400 ms  DeleteObjects: 0.021100 ms)

========================================================================
Received Import Request.
  Time since last request: 704.924410 seconds.
  path: Assets/Scenes/MainMenu.unity
  artifactKey: Guid(a481724a29ef500449a3807a705176e8) Importer(815301076,1909f56bfc062723c751e8b465ee728b)
Start importing Assets/Scenes/MainMenu.unity using Guid(a481724a29ef500449a3807a705176e8) Importer(815301076,1909f56bfc062723c751e8b465ee728b)  -> (artifact id: 'a40a22020f10ae1535206721c0eb7218') in 0.021244 seconds
  Import took 0.026219 seconds .

========================================================================
Received Import Request.
  Time since last request: 60.826066 seconds.
  path: Assets/Scenes/Level 1.unity
  artifactKey: Guid(b1ea727ff54c87a4b863dacd7ca9130e) Importer(815301076,1909f56bfc062723c751e8b465ee728b)
Start importing Assets/Scenes/Level 1.unity using Guid(b1ea727ff54c87a4b863dacd7ca9130e) Importer(815301076,1909f56bfc062723c751e8b465ee728b)  -> (artifact id: 'fceb0f4c6d046b9db896b9075564ef87') in 0.006692 seconds
  Import took 0.010690 seconds .

========================================================================
Received Import Request.
  Time since last request: 90.442065 seconds.
  path: Assets/Scripts/Wave_spawner.cs
  artifactKey: Guid(7c3e6c8f43ccdc349bd8e23dac6f97a1) Importer(815301076,1909f56bfc062723c751e8b465ee728b)
Start importing Assets/Scripts/Wave_spawner.cs using Guid(7c3e6c8f43ccdc349bd8e23dac6f97a1) Importer(815301076,1909f56bfc062723c751e8b465ee728b)  -> (artifact id: '6229e8ba8f4e31b1ecc932627a9b7bc3') in 0.027840 seconds
  Import took 0.033673 seconds .

========================================================================
Received Prepare
Registering precompiled user dll's ...
Registered in 0.001498 seconds.
Begin MonoManager ReloadAssembly
Native extension for WindowsStandalone target not found
Refreshing native plugins compatible for Editor in 0.39 ms, found 0 plugins.
Preloading 0 native plugins for Editor in 0.00 ms.
Invoked RoslynAnalysisRunner static constructor.
RoslynAnalysisRunner will not be running.
RoslynAnalysisRunner has terminated.
Mono: successfully reloaded assembly
- Completed reload, in  0.912 seconds
Platform modules already initialized, skipping
Shader 'Universal Render Pipeline/Particles/Lit': fallback shader 'Universal Render Pipeline/Particles/SimpleLit' not found
Refreshing native plugins compatible for Editor in 0.39 ms, found 0 plugins.
Preloading 0 native plugins for Editor in 0.00 ms.
Unloading 2341 Unused Serialized files (Serialized files now loaded: 0)
System memory in use before: 116.1 MB.
System memory in use after: 116.3 MB.

Unloading 5 unused Assets to reduce memory usage. Loaded Objects now: 3039.
Total: 2.234300 ms (FindLiveObjects: 0.307800 ms CreateObjectMapping: 0.155900 ms MarkObjects: 1.752900 ms  DeleteObjects: 0.016900 ms)

========================================================================
Received Prepare
Registering precompiled user dll's ...
Registered in 0.001678 seconds.
Begin MonoManager ReloadAssembly
Native extension for WindowsStandalone target not found
Refreshing native plugins compatible for Editor in 0.37 ms, found 0 plugins.
Preloading 0 native plugins for Editor in 0.00 ms.
Invoked RoslynAnalysisRunner static constructor.
RoslynAnalysisRunner will not be running.
RoslynAnalysisRunner has terminated.
Mono: successfully reloaded assembly
- Completed reload, in  0.899 seconds
Platform modules already initialized, skipping
Shader 'Universal Render Pipeline/Particles/Lit': fallback shader 'Universal Render Pipeline/Particles/SimpleLit' not found
Refreshing native plugins compatible for Editor in 0.43 ms, found 0 plugins.
Preloading 0 native plugins for Editor in 0.00 ms.
Unloading 2341 Unused Serialized files (Serialized files now loaded: 0)
System memory in use before: 116.1 MB.
System memory in use after: 116.3 MB.

Unloading 5 unused Assets to reduce memory usage. Loaded Objects now: 3042.
Total: 2.003800 ms (FindLiveObjects: 0.246800 ms CreateObjectMapping: 0.118000 ms MarkObjects: 1.621700 ms  DeleteObjects: 0.016200 ms)

========================================================================
Received Prepare
Registering precompiled user dll's ...
Registered in 0.001557 seconds.
Begin MonoManager ReloadAssembly
Native extension for WindowsStandalone target not found
Refreshing native plugins compatible for Editor in 0.37 ms, found 0 plugins.
Preloading 0 native plugins for Editor in 0.00 ms.
Invoked RoslynAnalysisRunner static constructor.
RoslynAnalysisRunner will not be running.
RoslynAnalysisRunner has terminated.
Mono: successfully reloaded assembly
- Completed reload, in  0.838 seconds
Platform modules already initialized, skipping
Shader 'Universal Render Pipeline/Particles/Lit': fallback shader 'Universal Render Pipeline/Particles/SimpleLit' not found
Refreshing native plugins compatible for Editor in 0.38 ms, found 0 plugins.
Preloading 0 native plugins for Editor in 0.00 ms.
Unloading 2341 Unused Serialized files (Serialized files now loaded: 0)
System memory in use before: 116.1 MB.
System memory in use after: 116.3 MB.

Unloading 5 unused Assets to reduce memory usage. Loaded Objects now: 3045.
Total: 2.292500 ms (FindLiveObjects: 0.315500 ms CreateObjectMapping: 0.120300 ms MarkObjects: 1.832700 ms  DeleteObjects: 0.023000 ms)

========================================================================
Received Import Request.
  Time since last request: 1119.511289 seconds.
  path: Assets/Prefabs/Player 2.prefab
  artifactKey: Guid(a607f27b7cf8de447afdb57a654ba78b) Importer(815301076,1909f56bfc062723c751e8b465ee728b)
Start importing Assets/Prefabs/Player 2.prefab using Guid(a607f27b7cf8de447afdb57a654ba78b) Importer(815301076,1909f56bfc062723c751e8b465ee728b)  -> (artifact id: '96cdaa62dee984d03a9717208417da9e') in 0.486898 seconds
  Import took 0.491744 seconds .

========================================================================
Received Import Request.
  Time since last request: 10.359172 seconds.
  path: Assets/Prefabs/Player 2.prefab
  artifactKey: Guid(a607f27b7cf8de447afdb57a654ba78b) Importer(815301076,1909f56bfc062723c751e8b465ee728b)
Start importing Assets/Prefabs/Player 2.prefab using Guid(a607f27b7cf8de447afdb57a654ba78b) Importer(815301076,1909f56bfc062723c751e8b465ee728b)  -> (artifact id: '21670c54a75de258a9d8009cf298d6d9') in 0.033947 seconds
  Import took 0.038756 seconds .

========================================================================
Received Prepare
Registering precompiled user dll's ...
Registered in 0.001866 seconds.
Begin MonoManager ReloadAssembly
Native extension for WindowsStandalone target not found
Refreshing native plugins compatible for Editor in 0.37 ms, found 0 plugins.
Preloading 0 native plugins for Editor in 0.00 ms.
Invoked RoslynAnalysisRunner static constructor.
RoslynAnalysisRunner will not be running.
RoslynAnalysisRunner has terminated.
Mono: successfully reloaded assembly
- Completed reload, in  0.862 seconds
Platform modules already initialized, skipping
Shader 'Universal Render Pipeline/Particles/Lit': fallback shader 'Universal Render Pipeline/Particles/SimpleLit' not found
Refreshing native plugins compatible for Editor in 0.38 ms, found 0 plugins.
Preloading 0 native plugins for Editor in 0.00 ms.
Unloading 2341 Unused Serialized files (Serialized files now loaded: 0)
System memory in use before: 116.3 MB.
System memory in use after: 116.5 MB.

Unloading 5 unused Assets to reduce memory usage. Loaded Objects now: 3085.
Total: 1.959100 ms (FindLiveObjects: 0.242000 ms CreateObjectMapping: 0.111300 ms MarkObjects: 1.588300 ms  DeleteObjects: 0.016600 ms)

========================================================================
Received Import Request.
  Time since last request: 320.756259 seconds.
  path: Assets/Prefabs/Zombie 1.prefab
  artifactKey: Guid(7c4c4f4bc36a57a4c82e0908d3c2bd72) Importer(815301076,1909f56bfc062723c751e8b465ee728b)
Start importing Assets/Prefabs/Zombie 1.prefab using Guid(7c4c4f4bc36a57a4c82e0908d3c2bd72) Importer(815301076,1909f56bfc062723c751e8b465ee728b)  -> (artifact id: 'd94200304642fa6e8ea8eb451b427b1b') in 0.267989 seconds
  Import took 0.274858 seconds .

========================================================================
Received Import Request.
  Time since last request: 6.592362 seconds.
  path: Assets/Prefabs/Zombie2.prefab
  artifactKey: Guid(7c4c4f4bc36a57a4c82e0908d3c2bd72) Importer(815301076,1909f56bfc062723c751e8b465ee728b)
Start importing Assets/Prefabs/Zombie2.prefab using Guid(7c4c4f4bc36a57a4c82e0908d3c2bd72) Importer(815301076,1909f56bfc062723c751e8b465ee728b)  -> (artifact id: 'ce4520b2b9ecc4d418a6b486d509421e') in 0.044093 seconds
  Import took 0.048848 seconds .

========================================================================
Received Import Request.
  Time since last request: 8.603761 seconds.
  path: Assets/Materials/Zombie 1.mat
  artifactKey: Guid(65abb2ec5de64b64d80cf5b57dc68c63) Importer(815301076,1909f56bfc062723c751e8b465ee728b)
Start importing Assets/Materials/Zombie 1.mat using Guid(65abb2ec5de64b64d80cf5b57dc68c63) Importer(815301076,1909f56bfc062723c751e8b465ee728b)  -> (artifact id: '2c5ca68565ef43bc575988c043c4e424') in 0.401667 seconds
  Import took 0.405537 seconds .

========================================================================
Received Import Request.
  Time since last request: 48.767607 seconds.
  path: Assets/Prefabs/Zombie2.prefab
  artifactKey: Guid(7c4c4f4bc36a57a4c82e0908d3c2bd72) Importer(815301076,1909f56bfc062723c751e8b465ee728b)
Start importing Assets/Prefabs/Zombie2.prefab using Guid(7c4c4f4bc36a57a4c82e0908d3c2bd72) Importer(815301076,1909f56bfc062723c751e8b465ee728b)  -> (artifact id: 'bf3f3fef393eff40b9e49e33676f0c82') in 0.049008 seconds
  Import took 0.053129 seconds .

========================================================================
Received Import Request.
  Time since last request: 97.042941 seconds.
  path: Assets/Prefabs/Zombie2.prefab
  artifactKey: Guid(7c4c4f4bc36a57a4c82e0908d3c2bd72) Importer(815301076,1909f56bfc062723c751e8b465ee728b)
Start importing Assets/Prefabs/Zombie2.prefab using Guid(7c4c4f4bc36a57a4c82e0908d3c2bd72) Importer(815301076,1909f56bfc062723c751e8b465ee728b)  -> (artifact id: '7704cb2aed2bc62b85378027b4bc35df') in 0.123904 seconds
  Import took 0.127842 seconds .

========================================================================
Received Prepare
Registering precompiled user dll's ...
Registered in 0.001297 seconds.
Begin MonoManager ReloadAssembly
Native extension for WindowsStandalone target not found
Refreshing native plugins compatible for Editor in 0.37 ms, found 0 plugins.
Preloading 0 native plugins for Editor in 0.00 ms.
Invoked RoslynAnalysisRunner static constructor.
RoslynAnalysisRunner will not be running.
RoslynAnalysisRunner has terminated.
Mono: successfully reloaded assembly
- Completed reload, in  0.889 seconds
Platform modules already initialized, skipping
Shader 'Universal Render Pipeline/Particles/Lit': fallback shader 'Universal Render Pipeline/Particles/SimpleLit' not found
Refreshing native plugins compatible for Editor in 0.39 ms, found 0 plugins.
Preloading 0 native plugins for Editor in 0.00 ms.
Unloading 2341 Unused Serialized files (Serialized files now loaded: 0)
System memory in use before: 116.7 MB.
System memory in use after: 116.9 MB.

Unloading 5 unused Assets to reduce memory usage. Loaded Objects now: 3156.
Total: 2.155100 ms (FindLiveObjects: 0.268000 ms CreateObjectMapping: 0.116700 ms MarkObjects: 1.751800 ms  DeleteObjects: 0.017700 ms)

========================================================================
Received Import Request.
  Time since last request: 114.158703 seconds.
  path: Assets/Prefabs/Zombie2.prefab
  artifactKey: Guid(7c4c4f4bc36a57a4c82e0908d3c2bd72) Importer(815301076,1909f56bfc062723c751e8b465ee728b)
Start importing Assets/Prefabs/Zombie2.prefab using Guid(7c4c4f4bc36a57a4c82e0908d3c2bd72) Importer(815301076,1909f56bfc062723c751e8b465ee728b)  -> (artifact id: '74ebff7468632e39e3cd8a695ceab5e8') in 0.272614 seconds
  Import took 0.279779 seconds .

========================================================================
Received Prepare
Registering precompiled user dll's ...
Registered in 0.002389 seconds.
Begin MonoManager ReloadAssembly
Native extension for WindowsStandalone target not found
Refreshing native plugins compatible for Editor in 0.39 ms, found 0 plugins.
Preloading 0 native plugins for Editor in 0.00 ms.
Invoked RoslynAnalysisRunner static constructor.
RoslynAnalysisRunner will not be running.
RoslynAnalysisRunner has terminated.
Mono: successfully reloaded assembly
- Completed reload, in  0.838 seconds
Platform modules already initialized, skipping
Shader 'Universal Render Pipeline/Particles/Lit': fallback shader 'Universal Render Pipeline/Particles/SimpleLit' not found
Refreshing native plugins compatible for Editor in 0.39 ms, found 0 plugins.
Preloading 0 native plugins for Editor in 0.00 ms.
Unloading 2341 Unused Serialized files (Serialized files now loaded: 0)
System memory in use before: 116.9 MB.
System memory in use after: 117.1 MB.

Unloading 5 unused Assets to reduce memory usage. Loaded Objects now: 3195.
Total: 2.453100 ms (FindLiveObjects: 0.261400 ms CreateObjectMapping: 0.106800 ms MarkObjects: 2.065300 ms  DeleteObjects: 0.018400 ms)

========================================================================
Received Prepare
Registering precompiled user dll's ...
Registered in 0.001487 seconds.
Begin MonoManager ReloadAssembly
Native extension for WindowsStandalone target not found
Refreshing native plugins compatible for Editor in 0.37 ms, found 0 plugins.
Preloading 0 native plugins for Editor in 0.00 ms.
Invoked RoslynAnalysisRunner static constructor.
RoslynAnalysisRunner will not be running.
RoslynAnalysisRunner has terminated.
Mono: successfully reloaded assembly
- Completed reload, in  0.861 seconds
Platform modules already initialized, skipping
Shader 'Universal Render Pipeline/Particles/Lit': fallback shader 'Universal Render Pipeline/Particles/SimpleLit' not found
Refreshing native plugins compatible for Editor in 0.37 ms, found 0 plugins.
Preloading 0 native plugins for Editor in 0.00 ms.
Unloading 2341 Unused Serialized files (Serialized files now loaded: 0)
System memory in use before: 116.9 MB.
System memory in use after: 117.1 MB.

Unloading 5 unused Assets to reduce memory usage. Loaded Objects now: 3198.
Total: 2.552300 ms (FindLiveObjects: 0.323600 ms CreateObjectMapping: 0.133500 ms MarkObjects: 2.072200 ms  DeleteObjects: 0.022100 ms)

AssetImportWorkerClient::OnTransportError - code=2 error=End of file
